2017-11-14 03:35:25 +0000  Initial pipeline context: <IDEDistributionProcessingPipelineContext: 0x7fa5a9944360; archive(resolved)='<IDEArchive: 0x7fa5a7cd6410>', distributionTask(resolved)='2', distributionMethod(resolved)='<IDEDistributionMethodiOSAppStoreExport: 0x7fa5a90dab00>', team(resolved)='<IDEProvisioningBasicTeam 0x7fa5a9982e30: teamID: YBYHDBC82A, teamName: Isaac Mercer>'>
	Chain (11, self inclusive):
	<IDEDistributionProcessingPipelineContext: 0x7fa5a9944360; archive = '<IDEArchive: 0x7fa5a7cd6410>', distributionMethod='<IDEDistributionMethodiOSAppStoreExport: 0x7fa5a90dab00>', team='<IDEProvisioningBasicTeam 0x7fa5a9982e30: teamID: YBYHDBC82A, teamName: Isaac Mercer>'>
	<IDEDistributionProcessingPipelineContext: 0x7fa5a97f7ca0; archive = '<IDEArchive: 0x7fa5a7cd6410>', distributionMethod='<IDEDistributionMethodiOSAppStoreExport: 0x7fa5a90dab00>', team='<IDEProvisioningBasicTeam 0x7fa5a9982e30: teamID: YBYHDBC82A, teamName: Isaac Mercer>'>
	<IDEDistributionContext: 0x7fa5a7c48600; archive = '<IDEArchive: 0x7fa5a7cd6410>', distributionMethod='<IDEDistributionMethodiOSAppStoreExport: 0x7fa5a90dab00>', team='<IDEProvisioningBasicTeam 0x7fa5a9982e30: teamID: YBYHDBC82A, teamName: Isaac Mercer>'>
	<IDEDistributionContext: 0x7fa5a9293e70; archive = '<IDEArchive: 0x7fa5a7cd6410>', distributionMethod='<IDEDistributionMethodiOSAppStoreExport: 0x7fa5a90dab00>', team='<IDEProvisioningBasicTeam 0x7fa5a9982e30: teamID: YBYHDBC82A, teamName: Isaac Mercer>'>
	<IDEDistributionContext: 0x7fa5a8fd9a00; archive = '<IDEArchive: 0x7fa5a7cd6410>', distributionMethod='<IDEDistributionMethodiOSAppStoreExport: 0x7fa5a90dab00>', team='<IDEProvisioningBasicTeam 0x7fa5a9982e30: teamID: YBYHDBC82A, teamName: Isaac Mercer>'>
	<IDEDistributionContext: 0x7fa5a9901e90; archive = '<IDEArchive: 0x7fa5a7cd6410>', distributionMethod='<IDEDistributionMethodiOSAppStoreExport: 0x7fa5a90dab00>', team='<IDEProvisioningBasicTeam 0x7fa5a9982e30: teamID: YBYHDBC82A, teamName: Isaac Mercer>'>
	<IDEDistributionContext: 0x7fa5a7e0a510; archive = '<IDEArchive: 0x7fa5a7cd6410>', distributionMethod='<IDEDistributionMethodiOSAppStoreExport: 0x7fa5a90dab00>', team='<IDEProvisioningBasicTeam 0x7fa5a9982e30: teamID: YBYHDBC82A, teamName: Isaac Mercer>'>
	<IDEDistributionContext: 0x7fa5a7e51180; archive = '<IDEArchive: 0x7fa5a7cd6410>', distributionMethod='<IDEDistributionMethodiOSAppStoreExport: 0x7fa5a90dab00>', team='<IDEProvisioningBasicTeam 0x7fa5a9982e30: teamID: YBYHDBC82A, teamName: Isaac Mercer>'>
	<IDEDistributionContext: 0x7fa5a94dcba0; archive = '<IDEArchive: 0x7fa5a7cd6410>', distributionMethod='<IDEDistributionMethodiOSAppStoreExport: 0x7fa5a90dab00>', team='<IDEProvisioningBasicTeam 0x7fa5a9982e30: teamID: YBYHDBC82A, teamName: Isaac Mercer>'>
	<IDEDistributionContext: 0x7fa5a543cf30; archive = '<IDEArchive: 0x7fa5a7cd6410>', distributionMethod='<IDEDistributionMethodiOSAppStoreExport: 0x7fa5a90dab00>', team='(null)'>
	<IDEDistributionContext: 0x7fa5a8ff80a0; archive = '<IDEArchive: 0x7fa5a7cd6410>', distributionMethod='(null)', team='(null)'>
</IDEDistributionProcessingPipelineContext: 0x7fa5a9944360>
2017-11-14 03:35:25 +0000  Processing step: IDEDistributionCreateDestRootStep
2017-11-14 03:35:25 +0000  Processing step: IDEDistributionCopyItemStep
2017-11-14 03:35:25 +0000  Running /usr/bin/ditto '-V' '/Users/isaacmercer/Library/Developer/Xcode/Archives/2017-11-14/Big Shaq 14-11-17, 4.29 PM.xcarchive/Products/Applications/Big Shaq.app' '/var/folders/v5/6xfkbd6x53q1p_gv12558zs80000gp/T/XcodeDistPipeline.le1/Root/Payload/Big Shaq.app'
2017-11-14 03:35:25 +0000  >>> Copying /Users/isaacmercer/Library/Developer/Xcode/Archives/2017-11-14/Big Shaq 14-11-17, 4.29 PM.xcarchive/Products/Applications/Big Shaq.app 
2017-11-14 03:35:25 +0000  copying file ./_CodeSignature/CodeResources ... 
2017-11-14 03:35:25 +0000  78297 bytes for ./_CodeSignature/CodeResources
2017-11-14 03:35:25 +0000  copying file ./Big Shaq ... 
2017-11-14 03:35:25 +0000  6782496 bytes for ./Big Shaq
copying file ./LaunchImage-1100-Portrait-2436h@3x.png ... 
2017-11-14 03:35:25 +0000  366934 bytes for ./LaunchImage-1100-Portrait-2436h@3x.png
copying file ./AppIcon-120x20@2x.png ... 
2017-11-14 03:35:25 +0000  2932 bytes for ./AppIcon-120x20@2x.png
2017-11-14 03:35:25 +0000  copying file ./MainViewController.nib ... 
2017-11-14 03:35:25 +0000  943 bytes for ./MainViewController.nib
copying file ./AppIcon-120x20@3x.png ... 
2017-11-14 03:35:25 +0000  6041 bytes for ./AppIcon-120x20@3x.png
2017-11-14 03:35:25 +0000  copying file ./AppIcon-160x60@2x.png ... 
2017-11-14 03:35:25 +0000  21946 bytes for ./AppIcon-160x60@2x.png
copying file ./AppIcon-129x29@2x.png ... 
2017-11-14 03:35:25 +0000  5805 bytes for ./AppIcon-129x29@2x.png
2017-11-14 03:35:25 +0000  copying file ./LaunchImage-800-667h@2x.png ... 
2017-11-14 03:35:25 +0000  211303 bytes for ./LaunchImage-800-667h@2x.png
2017-11-14 03:35:25 +0000  copying file ./AppIcon-140x40@3x.png ... 
2017-11-14 03:35:25 +0000  21601 bytes for ./AppIcon-140x40@3x.png
copying file ./AppIcon-140x40@2x.png ... 
2017-11-14 03:35:25 +0000  10570 bytes for ./AppIcon-140x40@2x.png
copying file ./AppIcon-129x29~ipad.png ... 
2017-11-14 03:35:25 +0000  1693 bytes for ./AppIcon-129x29~ipad.png
2017-11-14 03:35:25 +0000  copying file ./AppIcon-129x29@3x.png ... 
2017-11-14 03:35:25 +0000  12042 bytes for ./AppIcon-129x29@3x.png
copying file ./GoogleService-Info.plist ... 
2017-11-14 03:35:25 +0000  878 bytes for ./GoogleService-Info.plist
copying file ./AppIcon-160x60@3x.png ... 
2017-11-14 03:35:25 +0000  45073 bytes for ./AppIcon-160x60@3x.png
2017-11-14 03:35:25 +0000  copying file ./config.xml ... 
2017-11-14 03:35:25 +0000  4494 bytes for ./config.xml
2017-11-14 03:35:25 +0000  copying file ./www/icon.png ... 
2017-11-14 03:35:25 +0000  204881 bytes for ./www/icon.png
2017-11-14 03:35:25 +0000  copying file ./www/res/icon.png ... 
2017-11-14 03:35:25 +0000  204881 bytes for ./www/res/icon.png
2017-11-14 03:35:25 +0000  copying file ./www/res/screen/ios/Default-568h@2x~iphone.png ... 
2017-11-14 03:35:25 +0000  19314 bytes for ./www/res/screen/ios/Default-568h@2x~iphone.png
2017-11-14 03:35:25 +0000  copying file ./www/res/screen/ios/Default-Portrait@2x~ipad.png ... 
2017-11-14 03:35:25 +0000  54206 bytes for ./www/res/screen/ios/Default-Portrait@2x~ipad.png
copying file ./www/res/screen/ios/Default-Landscape~ipad.png ... 
2017-11-14 03:35:25 +0000  17311 bytes for ./www/res/screen/ios/Default-Landscape~ipad.png
2017-11-14 03:35:25 +0000  copying file ./www/res/screen/ios/Default-Portrait~ipad.png ... 
2017-11-14 03:35:25 +0000  17462 bytes for ./www/res/screen/ios/Default-Portrait~ipad.png
2017-11-14 03:35:25 +0000  copying file ./www/res/screen/ios/Default-736h.png ... 
2017-11-14 03:35:25 +0000  55266 bytes for ./www/res/screen/ios/Default-736h.png
2017-11-14 03:35:25 +0000  copying file ./www/res/screen/ios/Default~iphone.png ... 
2017-11-14 03:35:25 +0000  6091 bytes for ./www/res/screen/ios/Default~iphone.png
2017-11-14 03:35:25 +0000  copying file ./www/res/screen/ios/Default-Landscape@2x~ipad.png ... 
2017-11-14 03:35:25 +0000  53833 bytes for ./www/res/screen/ios/Default-Landscape@2x~ipad.png
2017-11-14 03:35:25 +0000  copying file ./www/res/screen/ios/Default-Landscape-736h.png ... 
2017-11-14 03:35:25 +0000  53963 bytes for ./www/res/screen/ios/Default-Landscape-736h.png
2017-11-14 03:35:25 +0000  copying file ./www/res/screen/ios/Default@2x~iphone.png ... 
2017-11-14 03:35:25 +0000  15340 bytes for ./www/res/screen/ios/Default@2x~iphone.png
copying file ./www/res/screen/ios/Default-667h.png ... 
2017-11-14 03:35:25 +0000  24810 bytes for ./www/res/screen/ios/Default-667h.png
2017-11-14 03:35:25 +0000  copying file ./www/res/screen/wp8/screen-portrait.jpg ... 
2017-11-14 03:35:25 +0000  56486 bytes for ./www/res/screen/wp8/screen-portrait.jpg
2017-11-14 03:35:25 +0000  copying file ./www/res/screen/android/drawable-port-xxhdpi-screen.png ... 
2017-11-14 03:35:25 +0000  36433 bytes for ./www/res/screen/android/drawable-port-xxhdpi-screen.png
2017-11-14 03:35:25 +0000  copying file ./www/res/screen/android/drawable-port-xhdpi-screen.png ... 
2017-11-14 03:35:25 +0000  23328 bytes for ./www/res/screen/android/drawable-port-xhdpi-screen.png
2017-11-14 03:35:25 +0000  copying file ./www/res/screen/android/drawable-port-xxxhdpi-screen.png ... 
2017-11-14 03:35:25 +0000  60829 bytes for ./www/res/screen/android/drawable-port-xxxhdpi-screen.png
copying file ./www/res/screen/android/drawable-land-xxhdpi-screen.png ... 
2017-11-14 03:35:25 +0000  35929 bytes for ./www/res/screen/android/drawable-land-xxhdpi-screen.png
copying file ./www/res/screen/android/drawable-land-xhdpi-screen.png ... 
2017-11-14 03:35:25 +0000  24102 bytes for ./www/res/screen/android/drawable-land-xhdpi-screen.png
2017-11-14 03:35:25 +0000  copying file ./www/res/screen/android/drawable-port-hdpi-screen.png ... 
2017-11-14 03:35:25 +0000  11551 bytes for ./www/res/screen/android/drawable-port-hdpi-screen.png
2017-11-14 03:35:25 +0000  copying file ./www/res/screen/android/drawable-land-mdpi-screen.png ... 
2017-11-14 03:35:25 +0000  5916 bytes for ./www/res/screen/android/drawable-land-mdpi-screen.png
copying file ./www/res/screen/android/drawable-port-ldpi-screen.png ... 
2017-11-14 03:35:25 +0000  3736 bytes for ./www/res/screen/android/drawable-port-ldpi-screen.png
2017-11-14 03:35:25 +0000  copying file ./www/res/screen/android/drawable-land-xxxhdpi-screen.png ... 
2017-11-14 03:35:25 +0000  43679 bytes for ./www/res/screen/android/drawable-land-xxxhdpi-screen.png
2017-11-14 03:35:25 +0000  copying file ./www/res/screen/android/drawable-port-mdpi-screen.png ... 
2017-11-14 03:35:25 +0000  6091 bytes for ./www/res/screen/android/drawable-port-mdpi-screen.png
2017-11-14 03:35:25 +0000  copying file ./www/res/screen/android/drawable-land-ldpi-screen.png ... 
2017-11-14 03:35:25 +0000  3629 bytes for ./www/res/screen/android/drawable-land-ldpi-screen.png
copying file ./www/res/screen/android/drawable-land-hdpi-screen.png ... 
2017-11-14 03:35:25 +0000  11401 bytes for ./www/res/screen/android/drawable-land-hdpi-screen.png
2017-11-14 03:35:25 +0000  copying file ./www/res/screen/windows/SplashScreen.scale-100.png ... 
2017-11-14 03:35:25 +0000  38915 bytes for ./www/res/screen/windows/SplashScreen.scale-100.png
copying file ./www/res/screen/windows/SplashScreenPhone.scale-240.png ... 
2017-11-14 03:35:25 +0000  247521 bytes for ./www/res/screen/windows/SplashScreenPhone.scale-240.png
2017-11-14 03:35:25 +0000  copying file ./www/res/icon/android/drawable-mdpi-icon.png ... 
2017-11-14 03:35:25 +0000  4604 bytes for ./www/res/icon/android/drawable-mdpi-icon.png
copying file ./www/res/icon/android/drawable-hdpi-icon.png ... 
2017-11-14 03:35:25 +0000  9004 bytes for ./www/res/icon/android/drawable-hdpi-icon.png
copying file ./www/res/icon/android/drawable-xxxhdpi-icon.png ... 
2017-11-14 03:35:25 +0000  41571 bytes for ./www/res/icon/android/drawable-xxxhdpi-icon.png
2017-11-14 03:35:25 +0000  copying file ./www/res/icon/android/drawable-xhdpi-icon.png ... 
2017-11-14 03:35:25 +0000  13904 bytes for ./www/res/icon/android/drawable-xhdpi-icon.png
copying file ./www/res/icon/android/drawable-xxhdpi-icon.png ... 
2017-11-14 03:35:25 +0000  26813 bytes for ./www/res/icon/android/drawable-xxhdpi-icon.png
2017-11-14 03:35:25 +0000  copying file ./www/res/icon/android/drawable-ldpi-icon.png ... 
2017-11-14 03:35:25 +0000  2806 bytes for ./www/res/icon/android/drawable-ldpi-icon.png
2017-11-14 03:35:25 +0000  copying file ./www/index.html ... 
2017-11-14 03:35:25 +0000  36099 bytes for ./www/index.html
copying file ./www/cordova.js ... 
2017-11-14 03:35:25 +0000  78044 bytes for ./www/cordova.js
2017-11-14 03:35:25 +0000  copying file ./www/css/bootstrap.min.css ... 
2017-11-14 03:35:25 +0000  127343 bytes for ./www/css/bootstrap.min.css
copying file ./www/css/2fcrYFNaTjcS6g4U3t-Y5RV6cRhDpPC5P4GCEJpqGoc.woff ... 
2017-11-14 03:35:25 +0000  56792 bytes for ./www/css/2fcrYFNaTjcS6g4U3t-Y5RV6cRhDpPC5P4GCEJpqGoc.woff
2017-11-14 03:35:25 +0000  copying file ./www/css/bootstrap-reboot.min.css.map ... 
2017-11-14 03:35:25 +0000  27297 bytes for ./www/css/bootstrap-reboot.min.css.map
copying file ./www/css/bootstrap.css ... 
2017-11-14 03:35:25 +0000  159202 bytes for ./www/css/bootstrap.css
copying file ./www/css/bootstrap-grid.css.map ... 
2017-11-14 03:35:25 +0000  81990 bytes for ./www/css/bootstrap-grid.css.map
copying file ./www/css/bootstrap-grid.min.css ... 
2017-11-14 03:35:25 +0000  24162 bytes for ./www/css/bootstrap-grid.min.css
copying file ./www/css/index.css ... 
2017-11-14 03:35:25 +0000  566 bytes for ./www/css/index.css
2017-11-14 03:35:25 +0000  copying file ./www/css/bootstrap.css.map ... 
2017-11-14 03:35:25 +0000  390790 bytes for ./www/css/bootstrap.css.map
copying file ./www/css/bootstrap.min.css.map ... 
2017-11-14 03:35:25 +0000  514728 bytes for ./www/css/bootstrap.min.css.map
2017-11-14 03:35:25 +0000  copying file ./www/css/bootstrap-reboot.min.css ... 
2017-11-14 03:35:25 +0000  4066 bytes for ./www/css/bootstrap-reboot.min.css
copying file ./www/css/material.min.css ... 
2017-11-14 03:35:25 +0000  141295 bytes for ./www/css/material.min.css
copying file ./www/css/bootstrap-reboot.css ... 
2017-11-14 03:35:25 +0000  4964 bytes for ./www/css/bootstrap-reboot.css
copying file ./www/css/bootstrap-grid.css ... 
2017-11-14 03:35:25 +0000  32403 bytes for ./www/css/bootstrap-grid.css
2017-11-14 03:35:25 +0000  copying file ./www/css/fonts.css ... 
2017-11-14 03:35:25 +0000  591 bytes for ./www/css/fonts.css
copying file ./www/css/bootstrap-grid.min.css.map ... 
2017-11-14 03:35:25 +0000  58107 bytes for ./www/css/bootstrap-grid.min.css.map
2017-11-14 03:35:25 +0000  copying file ./www/css/bootstrap-reboot.css.map ... 
2017-11-14 03:35:25 +0000  55618 bytes for ./www/css/bootstrap-reboot.css.map
2017-11-14 03:35:25 +0000  copying file ./www/plugins/cordova-plugin-file/www/requestFileSystem.js ... 
2017-11-14 03:35:25 +0000  3244 bytes for ./www/plugins/cordova-plugin-file/www/requestFileSystem.js
2017-11-14 03:35:25 +0000  copying file ./www/plugins/cordova-plugin-file/www/DirectoryEntry.js ... 
2017-11-14 03:35:25 +0000  4681 bytes for ./www/plugins/cordova-plugin-file/www/DirectoryEntry.js
copying file ./www/plugins/cordova-plugin-file/www/FileSystem.js ... 
2017-11-14 03:35:25 +0000  1960 bytes for ./www/plugins/cordova-plugin-file/www/FileSystem.js
copying file ./www/plugins/cordova-plugin-file/www/Flags.js ... 
2017-11-14 03:35:25 +0000  1336 bytes for ./www/plugins/cordova-plugin-file/www/Flags.js
2017-11-14 03:35:25 +0000  copying file ./www/plugins/cordova-plugin-file/www/fileSystemPaths.js ... 
2017-11-14 03:35:25 +0000  2548 bytes for ./www/plugins/cordova-plugin-file/www/fileSystemPaths.js
copying file ./www/plugins/cordova-plugin-file/www/FileEntry.js ... 
2017-11-14 03:35:25 +0000  3423 bytes for ./www/plugins/cordova-plugin-file/www/FileEntry.js
2017-11-14 03:35:25 +0000  copying file ./www/plugins/cordova-plugin-file/www/fileSystems.js ... 
2017-11-14 03:35:25 +0000  1047 bytes for ./www/plugins/cordova-plugin-file/www/fileSystems.js
2017-11-14 03:35:25 +0000  copying file ./www/plugins/cordova-plugin-file/www/DirectoryReader.js ... 
2017-11-14 03:35:25 +0000  2724 bytes for ./www/plugins/cordova-plugin-file/www/DirectoryReader.js
2017-11-14 03:35:25 +0000  copying file ./www/plugins/cordova-plugin-file/www/Metadata.js ... 
2017-11-14 03:35:25 +0000  1488 bytes for ./www/plugins/cordova-plugin-file/www/Metadata.js
2017-11-14 03:35:25 +0000  copying file ./www/plugins/cordova-plugin-file/www/ios/FileSystem.js ... 
2017-11-14 03:35:25 +0000  1222 bytes for ./www/plugins/cordova-plugin-file/www/ios/FileSystem.js
2017-11-14 03:35:25 +0000  copying file ./www/plugins/cordova-plugin-file/www/browser/isChrome.js ... 
2017-11-14 03:35:25 +0000  1206 bytes for ./www/plugins/cordova-plugin-file/www/browser/isChrome.js
2017-11-14 03:35:25 +0000  copying file ./www/plugins/cordova-plugin-file/www/LocalFileSystem.js ... 
2017-11-14 03:35:25 +0000  957 bytes for ./www/plugins/cordova-plugin-file/www/LocalFileSystem.js
2017-11-14 03:35:25 +0000  copying file ./www/plugins/cordova-plugin-file/www/FileReader.js ... 
2017-11-14 03:35:25 +0000  10523 bytes for ./www/plugins/cordova-plugin-file/www/FileReader.js
copying file ./www/plugins/cordova-plugin-file/www/fileSystems-roots.js ... 
2017-11-14 03:35:25 +0000  1598 bytes for ./www/plugins/cordova-plugin-file/www/fileSystems-roots.js
copying file ./www/plugins/cordova-plugin-file/www/FileUploadOptions.js ... 
2017-11-14 03:35:25 +0000  1831 bytes for ./www/plugins/cordova-plugin-file/www/FileUploadOptions.js
copying file ./www/plugins/cordova-plugin-file/www/FileWriter.js ... 
2017-11-14 03:35:25 +0000  10544 bytes for ./www/plugins/cordova-plugin-file/www/FileWriter.js
copying file ./www/plugins/cordova-plugin-file/www/FileError.js ... 
2017-11-14 03:35:25 +0000  1483 bytes for ./www/plugins/cordova-plugin-file/www/FileError.js
2017-11-14 03:35:25 +0000  copying file ./www/plugins/cordova-plugin-file/www/FileUploadResult.js ... 
2017-11-14 03:35:25 +0000  1111 bytes for ./www/plugins/cordova-plugin-file/www/FileUploadResult.js
copying file ./www/plugins/cordova-plugin-file/www/ProgressEvent.js ... 
2017-11-14 03:35:25 +0000  2544 bytes for ./www/plugins/cordova-plugin-file/www/ProgressEvent.js
copying file ./www/plugins/cordova-plugin-file/www/File.js ... 
2017-11-14 03:35:25 +0000  2714 bytes for ./www/plugins/cordova-plugin-file/www/File.js
copying file ./www/plugins/cordova-plugin-file/www/resolveLocalFileSystemURI.js ... 
2017-11-14 03:35:25 +0000  4325 bytes for ./www/plugins/cordova-plugin-file/www/resolveLocalFileSystemURI.js
copying file ./www/plugins/cordova-plugin-file/www/Entry.js ... 
2017-11-14 03:35:25 +0000  9869 bytes for ./www/plugins/cordova-plugin-file/www/Entry.js
2017-11-14 03:35:25 +0000  copying file ./www/plugins/cordova-plugin-inappbrowser/www/inappbrowser.js ... 
2017-11-14 03:35:25 +0000  4309 bytes for ./www/plugins/cordova-plugin-inappbrowser/www/inappbrowser.js
2017-11-14 03:35:25 +0000  copying file ./www/plugins/cordova-plugin-device/www/device.js ... 
2017-11-14 03:35:25 +0000  3062 bytes for ./www/plugins/cordova-plugin-device/www/device.js
2017-11-14 03:35:25 +0000  copying file ./www/plugins/cordova-plugin-admobpro/www/AdMob.js ... 
2017-11-14 03:35:25 +0000  5044 bytes for ./www/plugins/cordova-plugin-admobpro/www/AdMob.js
2017-11-14 03:35:25 +0000  copying file ./www/plugins/cordova-plugin-firebase-analytics/www/FirebaseAnalytics.js ... 
2017-11-14 03:35:25 +0000  1156 bytes for ./www/plugins/cordova-plugin-firebase-analytics/www/FirebaseAnalytics.js
2017-11-14 03:35:25 +0000  copying file ./www/plugins/cordova-plugin-device-orientation/www/CompassError.js ... 
2017-11-14 03:35:25 +0000  1239 bytes for ./www/plugins/cordova-plugin-device-orientation/www/CompassError.js
2017-11-14 03:35:25 +0000  copying file ./www/plugins/cordova-plugin-device-orientation/www/CompassHeading.js ... 
2017-11-14 03:35:25 +0000  1222 bytes for ./www/plugins/cordova-plugin-device-orientation/www/CompassHeading.js
2017-11-14 03:35:25 +0000  copying file ./www/plugins/cordova-plugin-device-orientation/www/compass.js ... 
2017-11-14 03:35:25 +0000  5111 bytes for ./www/plugins/cordova-plugin-device-orientation/www/compass.js
2017-11-14 03:35:25 +0000  copying file ./www/plugins/cordova-plugin-file-transfer/www/FileTransferError.js ... 
2017-11-14 03:35:25 +0000  1488 bytes for ./www/plugins/cordova-plugin-file-transfer/www/FileTransferError.js
copying file ./www/plugins/cordova-plugin-file-transfer/www/FileTransfer.js ... 
2017-11-14 03:35:25 +0000  8568 bytes for ./www/plugins/cordova-plugin-file-transfer/www/FileTransfer.js
2017-11-14 03:35:25 +0000  copying file ./www/plugins/cordova-plugin-media/www/MediaError.js ... 
2017-11-14 03:35:25 +0000  2308 bytes for ./www/plugins/cordova-plugin-media/www/MediaError.js
copying file ./www/plugins/cordova-plugin-media/www/Media.js ... 
2017-11-14 03:35:25 +0000  7510 bytes for ./www/plugins/cordova-plugin-media/www/Media.js
2017-11-14 03:35:25 +0000  copying file ./www/plugins/cordova-plugin-network-information/www/Connection.js ... 
2017-11-14 03:35:25 +0000  1163 bytes for ./www/plugins/cordova-plugin-network-information/www/Connection.js
2017-11-14 03:35:25 +0000  copying file ./www/plugins/cordova-plugin-network-information/www/network.js ... 
2017-11-14 03:35:25 +0000  3360 bytes for ./www/plugins/cordova-plugin-network-information/www/network.js
2017-11-14 03:35:25 +0000  copying file ./www/plugins/cordova-plugin-dialogs/www/notification.js ... 
2017-11-14 03:35:25 +0000  5378 bytes for ./www/plugins/cordova-plugin-dialogs/www/notification.js
2017-11-14 03:35:25 +0000  copying file ./www/plugins/cordova-plugin-wkwebview-engine/src/www/ios/ios-wkwebview.js ... 
2017-11-14 03:35:25 +0000  1167 bytes for ./www/plugins/cordova-plugin-wkwebview-engine/src/www/ios/ios-wkwebview.js
2017-11-14 03:35:25 +0000  copying file ./www/plugins/cordova-plugin-wkwebview-engine/src/www/ios/ios-wkwebview-exec.js ... 
2017-11-14 03:35:25 +0000  6170 bytes for ./www/plugins/cordova-plugin-wkwebview-engine/src/www/ios/ios-wkwebview-exec.js
2017-11-14 03:35:25 +0000  copying file ./www/plugins/cordova-plugin-statusbar/www/statusbar.js ... 
2017-11-14 03:35:25 +0000  3376 bytes for ./www/plugins/cordova-plugin-statusbar/www/statusbar.js
2017-11-14 03:35:25 +0000  copying file ./www/plugins/cordova-plugin-splashscreen/www/splashscreen.js ... 
2017-11-14 03:35:25 +0000  1173 bytes for ./www/plugins/cordova-plugin-splashscreen/www/splashscreen.js
2017-11-14 03:35:25 +0000  copying file ./www/js/jquery-3.2.1.min.js ... 
2017-11-14 03:35:25 +0000  86659 bytes for ./www/js/jquery-3.2.1.min.js
copying file ./www/js/bootstrap.bundle.js ... 
2017-11-14 03:35:25 +0000  192909 bytes for ./www/js/bootstrap.bundle.js
2017-11-14 03:35:25 +0000  copying file ./www/js/bootstrap.bundle.min.js.map ... 
2017-11-14 03:35:25 +0000  271233 bytes for ./www/js/bootstrap.bundle.min.js.map
2017-11-14 03:35:25 +0000  copying file ./www/js/bootstrap.bundle.js.map ... 
2017-11-14 03:35:25 +0000  323074 bytes for ./www/js/bootstrap.bundle.js.map
copying file ./www/js/material.js ... 
2017-11-14 03:35:25 +0000  145859 bytes for ./www/js/material.js
copying file ./www/js/material.min.js ... 
2017-11-14 03:35:25 +0000  62491 bytes for ./www/js/material.min.js
copying file ./www/js/bootstrap.js ... 
2017-11-14 03:35:25 +0000  111610 bytes for ./www/js/bootstrap.js
2017-11-14 03:35:25 +0000  copying file ./www/js/material.min.js.map ... 
2017-11-14 03:35:25 +0000  208384 bytes for ./www/js/material.min.js.map
2017-11-14 03:35:25 +0000  copying file ./www/js/bootstrap.bundle.min.js ... 
2017-11-14 03:35:25 +0000  69453 bytes for ./www/js/bootstrap.bundle.min.js
copying file ./www/js/index.js ... 
2017-11-14 03:35:25 +0000  3978 bytes for ./www/js/index.js
copying file ./www/js/bootstrap.min.js ... 
2017-11-14 03:35:25 +0000  50564 bytes for ./www/js/bootstrap.min.js
2017-11-14 03:35:25 +0000  copying file ./www/js/audio.js ... 
2017-11-14 03:35:25 +0000  0 bytes for ./www/js/audio.js
copying file ./www/js/bootstrap.js.map ... 
2017-11-14 03:35:25 +0000  191202 bytes for ./www/js/bootstrap.js.map
copying file ./www/js/bootstrap.min.js.map ... 
2017-11-14 03:35:25 +0000  159064 bytes for ./www/js/bootstrap.min.js.map
2017-11-14 03:35:25 +0000  copying file ./www/spec/index.js ... 
2017-11-14 03:35:25 +0000  2604 bytes for ./www/spec/index.js
2017-11-14 03:35:25 +0000  copying file ./www/spec/lib/jasmine-1.2.0/jasmine.css ... 
2017-11-14 03:35:25 +0000  6444 bytes for ./www/spec/lib/jasmine-1.2.0/jasmine.css
2017-11-14 03:35:25 +0000  copying file ./www/spec/lib/jasmine-1.2.0/MIT.LICENSE ... 
2017-11-14 03:35:25 +0000  1061 bytes for ./www/spec/lib/jasmine-1.2.0/MIT.LICENSE
copying file ./www/spec/lib/jasmine-1.2.0/jasmine.js ... 
2017-11-14 03:35:25 +0000  68641 bytes for ./www/spec/lib/jasmine-1.2.0/jasmine.js
2017-11-14 03:35:25 +0000  copying file ./www/spec/lib/jasmine-1.2.0/jasmine-html.js ... 
2017-11-14 03:35:25 +0000  19065 bytes for ./www/spec/lib/jasmine-1.2.0/jasmine-html.js
2017-11-14 03:35:25 +0000  copying file ./www/spec/helper.js ... 
2017-11-14 03:35:25 +0000  1264 bytes for ./www/spec/helper.js
2017-11-14 03:35:25 +0000  copying file ./www/img/logo.png ... 
2017-11-14 03:35:25 +0000  204881 bytes for ./www/img/logo.png
2017-11-14 03:35:25 +0000  copying file ./www/audio/lookatyournose.mp3 ... 
2017-11-14 03:35:25 +0000  29224 bytes for ./www/audio/lookatyournose.mp3
copying file ./www/audio/squadededup.mp3 ... 
2017-11-14 03:35:25 +0000  27973 bytes for ./www/audio/squadededup.mp3
copying file ./www/audio/mybrudda.mp3 ... 
2017-11-14 03:35:25 +0000  23123 bytes for ./www/audio/mybrudda.mp3
2017-11-14 03:35:25 +0000  copying file ./www/audio/quackquackquack.mp3 ... 
2017-11-14 03:35:25 +0000  23123 bytes for ./www/audio/quackquackquack.mp3
copying file ./www/audio/takeoffyourjacket.mp3 ... 
2017-11-14 03:35:25 +0000  26459 bytes for ./www/audio/takeoffyourjacket.mp3
2017-11-14 03:35:25 +0000  copying file ./www/audio/englishlesson.mp3 ... 
2017-11-14 03:35:25 +0000  38830 bytes for ./www/audio/englishlesson.mp3
copying file ./www/audio/makeanep.mp3 ... 
2017-11-14 03:35:25 +0000  54654 bytes for ./www/audio/makeanep.mp3
2017-11-14 03:35:25 +0000  copying file ./www/audio/theowlgoesprrttt.mp3 ... 
2017-11-14 03:35:25 +0000  27506 bytes for ./www/audio/theowlgoesprrttt.mp3
copying file ./www/audio/ileland.mp3 ... 
2017-11-14 03:35:25 +0000  59178 bytes for ./www/audio/ileland.mp3
2017-11-14 03:35:25 +0000  copying file ./www/audio/minus1thats3.mp3 ... 
2017-11-14 03:35:25 +0000  29641 bytes for ./www/audio/minus1thats3.mp3
copying file ./www/audio/idonttakeoffmyjacket.mp3 ... 
2017-11-14 03:35:25 +0000  37976 bytes for ./www/audio/idonttakeoffmyjacket.mp3
2017-11-14 03:35:25 +0000  copying file ./www/audio/mansnothot.mp3 ... 
2017-11-14 03:35:25 +0000  23123 bytes for ./www/audio/mansnothot.mp3
copying file ./www/audio/lynxeffect.mp3 ... 
2017-11-14 03:35:25 +0000  28390 bytes for ./www/audio/lynxeffect.mp3
copying file ./www/audio/rawsauce.mp3 ... 
2017-11-14 03:35:25 +0000  33965 bytes for ./www/audio/rawsauce.mp3
2017-11-14 03:35:25 +0000  copying file ./www/audio/skidipipapa.mp3 ... 
2017-11-14 03:35:25 +0000  27710 bytes for ./www/audio/skidipipapa.mp3
2017-11-14 03:35:25 +0000  copying file ./www/audio/manknowsalgebra.mp3 ... 
2017-11-14 03:35:25 +0000  25883 bytes for ./www/audio/manknowsalgebra.mp3
2017-11-14 03:35:25 +0000  copying file ./www/audio/papakakaka.mp3 ... 
2017-11-14 03:35:25 +0000  30212 bytes for ./www/audio/papakakaka.mp3
2017-11-14 03:35:25 +0000  copying file ./www/audio/mansgotblueeyes.mp3 ... 
2017-11-14 03:35:25 +0000  28961 bytes for ./www/audio/mansgotblueeyes.mp3
copying file ./www/audio/bigshaq.mp3 ... 
2017-11-14 03:35:25 +0000  20621 bytes for ./www/audio/bigshaq.mp3
copying file ./www/audio/2plus2.mp3 ... 
2017-11-14 03:35:25 +0000  29641 bytes for ./www/audio/2plus2.mp3
2017-11-14 03:35:25 +0000  copying file ./www/audio/mandontstartbiff.mp3 ... 
2017-11-14 03:35:25 +0000  35216 bytes for ./www/audio/mandontstartbiff.mp3
copying file ./www/audio/bigenglish.mp3 ... 
2017-11-14 03:35:25 +0000  20982 bytes for ./www/audio/bigenglish.mp3
copying file ./www/audio/mandontmakemelooklikeidontknowenglish.mp3 ... 
2017-11-14 03:35:25 +0000  46668 bytes for ./www/audio/mandontmakemelooklikeidontknowenglish.mp3
2017-11-14 03:35:25 +0000  copying file ./www/audio/mansready.mp3 ... 
2017-11-14 03:35:25 +0000  26673 bytes for ./www/audio/mansready.mp3
2017-11-14 03:35:25 +0000  copying file ./www/audio/cmonbruv.mp3 ... 
2017-11-14 03:35:25 +0000  20884 bytes for ./www/audio/cmonbruv.mp3
copying file ./www/audio/ivegotthesauce.mp3 ... 
2017-11-14 03:35:25 +0000  30629 bytes for ./www/audio/ivegotthesauce.mp3
2017-11-14 03:35:25 +0000  copying file ./www/audio/askanegghowdoyouhaveyouryolk.mp3 ... 
2017-11-14 03:35:25 +0000  45482 bytes for ./www/audio/askanegghowdoyouhaveyouryolk.mp3
copying file ./www/audio/donttrytoincriminateme.mp3 ... 
2017-11-14 03:35:25 +0000  55907 bytes for ./www/audio/donttrytoincriminateme.mp3
copying file ./www/audio/youdickhead.mp3 ... 
2017-11-14 03:35:25 +0000  25625 bytes for ./www/audio/youdickhead.mp3
copying file ./www/audio/mandobigmafs.mp3 ... 
2017-11-14 03:35:25 +0000  38297 bytes for ./www/audio/mandobigmafs.mp3
copying file ./www/audio/mansnothotboxing.mp3 ... 
2017-11-14 03:35:25 +0000  47521 bytes for ./www/audio/mansnothotboxing.mp3
2017-11-14 03:35:25 +0000  copying file ./www/audio/eldickhead.mp3 ... 
2017-11-14 03:35:25 +0000  23957 bytes for ./www/audio/eldickhead.mp3
copying file ./www/audio/put-put-put-boom.mp3 ... 
2017-11-14 03:35:25 +0000  35479 bytes for ./www/audio/put-put-put-boom.mp3
copying file ./www/audio/skrrrrrra.mp3 ... 
2017-11-14 03:35:25 +0000  23123 bytes for ./www/audio/skrrrrrra.mp3
copying file ./www/audio/yougetme.mp3 ... 
2017-11-14 03:35:25 +0000  18119 bytes for ./www/audio/yougetme.mp3
2017-11-14 03:35:25 +0000  copying file ./www/audio/quickmafs.mp3 ... 
2017-11-14 03:35:25 +0000  22706 bytes for ./www/audio/quickmafs.mp3
copying file ./www/audio/youreprotecteded.mp3 ... 
2017-11-14 03:35:25 +0000  36730 bytes for ./www/audio/youreprotecteded.mp3
2017-11-14 03:35:25 +0000  copying file ./www/audio/eforexcellent.mp3 ... 
2017-11-14 03:35:25 +0000  33548 bytes for ./www/audio/eforexcellent.mp3
copying file ./www/audio/thatgirlisauckers.mp3 ... 
2017-11-14 03:35:25 +0000  28961 bytes for ./www/audio/thatgirlisauckers.mp3
copying file ./www/audio/mansgotsauce.mp3 ... 
2017-11-14 03:35:25 +0000  26717 bytes for ./www/audio/mansgotsauce.mp3
2017-11-14 03:35:25 +0000  copying file ./www/audio/englishlanguage.mp3 ... 
2017-11-14 03:35:25 +0000  32977 bytes for ./www/audio/englishlanguage.mp3
copying file ./www/audio/persperationting.mp3 ... 
2017-11-14 03:35:25 +0000  33811 bytes for ./www/audio/persperationting.mp3
2017-11-14 03:35:25 +0000  copying file ./www/audio/itcomesvertic.mp3 ... 
2017-11-14 03:35:25 +0000  27154 bytes for ./www/audio/itcomesvertic.mp3
copying file ./www/audio/thetinggoesfull.mp3 ... 
2017-11-14 03:35:25 +0000  213543 bytes for ./www/audio/thetinggoesfull.mp3
copying file ./www/audio/causetheconspic.mp3 ... 
2017-11-14 03:35:25 +0000  32977 bytes for ./www/audio/causetheconspic.mp3
copying file ./www/audio/hoptscotchting.mp3 ... 
2017-11-14 03:35:25 +0000  34191 bytes for ./www/audio/hoptscotchting.mp3
copying file ./www/audio/yadunknow.mp3 ... 
2017-11-14 03:35:25 +0000  22706 bytes for ./www/audio/yadunknow.mp3
copying file ./www/audio/youdontforcethesauce.mp3 ... 
2017-11-14 03:35:25 +0000  28802 bytes for ./www/audio/youdontforcethesauce.mp3
2017-11-14 03:35:25 +0000  copying file ./www/audio/noketchup.mp3 ... 
2017-11-14 03:35:25 +0000  22706 bytes for ./www/audio/noketchup.mp3
2017-11-14 03:35:25 +0000  copying file ./www/audio/englishidnotreallymystrongestsubject.mp3 ... 
2017-11-14 03:35:25 +0000  38298 bytes for ./www/audio/englishidnotreallymystrongestsubject.mp3
copying file ./www/audio/ilikemyfantawithnohaice.mp3 ... 
2017-11-14 03:35:25 +0000  35474 bytes for ./www/audio/ilikemyfantawithnohaice.mp3
copying file ./www/audio/youknowlikethat.mp3 ... 
2017-11-14 03:35:25 +0000  20884 bytes for ./www/audio/youknowlikethat.mp3
copying file ./www/audio/yourequitescintilating.mp3 ... 
2017-11-14 03:35:25 +0000  34545 bytes for ./www/audio/yourequitescintilating.mp3
2017-11-14 03:35:25 +0000  copying file ./www/audio/intillectualisilyintelligent.mp3 ... 
2017-11-14 03:35:25 +0000  55456 bytes for ./www/audio/intillectualisilyintelligent.mp3
copying file ./www/audio/youmanwereducking.mp3 ... 
2017-11-14 03:35:25 +0000  25625 bytes for ./www/audio/youmanwereducking.mp3
copying file ./www/audio/tu-tu-tu-qum-poom-boom.mp3 ... 
2017-11-14 03:35:25 +0000  38815 bytes for ./www/audio/tu-tu-tu-qum-poom-boom.mp3
2017-11-14 03:35:25 +0000  copying file ./www/audio/sufficishent.mp3 ... 
2017-11-14 03:35:25 +0000  45129 bytes for ./www/audio/sufficishent.mp3
copying file ./www/audio/putmenexttothesun.mp3 ... 
2017-11-14 03:35:25 +0000  37122 bytes for ./www/audio/putmenexttothesun.mp3
copying file ./www/audio/thetinggoes.mp3 ... 
2017-11-14 03:35:25 +0000  21872 bytes for ./www/audio/thetinggoes.mp3
2017-11-14 03:35:25 +0000  copying file ./www/audio/hisdadsadinnerlady.mp3 ... 
2017-11-14 03:35:25 +0000  31463 bytes for ./www/audio/hisdadsadinnerlady.mp3
2017-11-14 03:35:25 +0000  copying file ./www/audio/mansgotbars.mp3 ... 
2017-11-14 03:35:25 +0000  30892 bytes for ./www/audio/mansgotbars.mp3
copying file ./www/audio/butterflywasp.mp3 ... 
2017-11-14 03:35:25 +0000  44602 bytes for ./www/audio/butterflywasp.mp3
2017-11-14 03:35:25 +0000  copying file ./www/audio/asznee.mp3 ... 
2017-11-14 03:35:25 +0000  22513 bytes for ./www/audio/asznee.mp3
copying file ./www/audio/checkthestatistics.mp3 ... 
2017-11-14 03:35:25 +0000  26807 bytes for ./www/audio/checkthestatistics.mp3
2017-11-14 03:35:25 +0000  copying file ./www/audio/holdtightasznee.mp3 ... 
2017-11-14 03:35:25 +0000  30629 bytes for ./www/audio/holdtightasznee.mp3
copying file ./www/audio/mybrothers.mp3 ... 
2017-11-14 03:35:25 +0000  131772 bytes for ./www/audio/mybrothers.mp3
2017-11-14 03:35:25 +0000  copying file ./www/audio/youregivingmeamigrane.mp3 ... 
2017-11-14 03:35:25 +0000  31224 bytes for ./www/audio/youregivingmeamigrane.mp3
copying file ./www/audio/linkup.mp3 ... 
2017-11-14 03:35:25 +0000  19165 bytes for ./www/audio/linkup.mp3
copying file ./www/audio/whosdat.mp3 ... 
2017-11-14 03:35:25 +0000  16030 bytes for ./www/audio/whosdat.mp3
2017-11-14 03:35:25 +0000  copying file ./www/audio/poompoom.mp3 ... 
2017-11-14 03:35:25 +0000  25471 bytes for ./www/audio/poompoom.mp3
copying file ./www/audio/amplificication.mp3 ... 
2017-11-14 03:35:25 +0000  37976 bytes for ./www/audio/amplificication.mp3
2017-11-14 03:35:25 +0000  copying file ./www/audio/skyaaa.mp3 ... 
2017-11-14 03:35:25 +0000  21501 bytes for ./www/audio/skyaaa.mp3
2017-11-14 03:35:25 +0000  copying file ./www/audio/thesunshotterthanme.mp3 ... 
2017-11-14 03:35:25 +0000  32182 bytes for ./www/audio/thesunshotterthanme.mp3
copying file ./www/audio/thesundidnotshine.mp3 ... 
2017-11-14 03:35:25 +0000  35067 bytes for ./www/audio/thesundidnotshine.mp3
copying file ./www/audio/islandrecords.mp3 ... 
2017-11-14 03:35:25 +0000  32071 bytes for ./www/audio/islandrecords.mp3
2017-11-14 03:35:25 +0000  copying file ./www/audio/boom.mp3 ... 
2017-11-14 03:35:25 +0000  19370 bytes for ./www/audio/boom.mp3
copying file ./www/audio/pythagoroustheorem.mp3 ... 
2017-11-14 03:35:25 +0000  28802 bytes for ./www/audio/pythagoroustheorem.mp3
copying file ./www/audio/mansnotdumb.mp3 ... 
2017-11-14 03:35:25 +0000  28707 bytes for ./www/audio/mansnotdumb.mp3
copying file ./www/audio/givemeyournumber.mp3 ... 
2017-11-14 03:35:25 +0000  29126 bytes for ./www/audio/givemeyournumber.mp3
2017-11-14 03:35:25 +0000  copying file ./www/audio/1234.mp3 ... 
2017-11-14 03:35:25 +0000  30892 bytes for ./www/audio/1234.mp3
2017-11-14 03:35:25 +0000  copying file ./www/cordova-js-src/exec.js ... 
2017-11-14 03:35:25 +0000  8877 bytes for ./www/cordova-js-src/exec.js
2017-11-14 03:35:25 +0000  copying file ./www/cordova-js-src/plugin/ios/logger.js ... 
2017-11-14 03:35:25 +0000  10233 bytes for ./www/cordova-js-src/plugin/ios/logger.js
2017-11-14 03:35:25 +0000  copying file ./www/cordova-js-src/plugin/ios/console.js ... 
2017-11-14 03:35:25 +0000  6822 bytes for ./www/cordova-js-src/plugin/ios/console.js
2017-11-14 03:35:25 +0000  copying file ./www/cordova-js-src/platform.js ... 
2017-11-14 03:35:25 +0000  1168 bytes for ./www/cordova-js-src/platform.js
2017-11-14 03:35:25 +0000  copying file ./www/lib/angular-admob/angular-admob.js ... 
2017-11-14 03:35:25 +0000  9302 bytes for ./www/lib/angular-admob/angular-admob.js
2017-11-14 03:35:25 +0000  copying file ./www/cordova_plugins.js ... 
2017-11-14 03:35:25 +0000  9569 bytes for ./www/cordova_plugins.js
2017-11-14 03:35:25 +0000  copying file ./archived-expanded-entitlements.xcent ... 
2017-11-14 03:35:25 +0000  181 bytes for ./archived-expanded-entitlements.xcent
2017-11-14 03:35:25 +0000  copying file ./AppIcon-140x40@2x~ipad.png ... 
2017-11-14 03:35:25 +0000  10570 bytes for ./AppIcon-140x40@2x~ipad.png
2017-11-14 03:35:25 +0000  copying file ./AppIcon-176x76@2x~ipad.png ... 
2017-11-14 03:35:25 +0000  33977 bytes for ./AppIcon-176x76@2x~ipad.png
2017-11-14 03:35:25 +0000  copying file ./LaunchImage-700-Portrait~ipad.png ... 
2017-11-14 03:35:25 +0000  123257 bytes for ./LaunchImage-700-Portrait~ipad.png
2017-11-14 03:35:25 +0000  copying file ./Assets.car ... 
2017-11-14 03:35:25 +0000  1082072 bytes for ./Assets.car
copying file ./LaunchImage-800-Portrait-736h@3x.png ... 
2017-11-14 03:35:25 +0000  426980 bytes for ./LaunchImage-800-Portrait-736h@3x.png
copying file ./AppIcon-183.5x83.5@2x~ipad.png ... 
2017-11-14 03:35:25 +0000  40864 bytes for ./AppIcon-183.5x83.5@2x~ipad.png
2017-11-14 03:35:25 +0000  copying file ./CDVLaunchScreen.storyboardc/01J-lp-oVM-view-Ze5-6b-2t3.nib ... 
2017-11-14 03:35:25 +0000  2284 bytes for ./CDVLaunchScreen.storyboardc/01J-lp-oVM-view-Ze5-6b-2t3.nib
2017-11-14 03:35:25 +0000  copying file ./CDVLaunchScreen.storyboardc/UIViewController-01J-lp-oVM.nib ... 
2017-11-14 03:35:25 +0000  832 bytes for ./CDVLaunchScreen.storyboardc/UIViewController-01J-lp-oVM.nib
copying file ./CDVLaunchScreen.storyboardc/Info.plist ... 
2017-11-14 03:35:25 +0000  258 bytes for ./CDVLaunchScreen.storyboardc/Info.plist
2017-11-14 03:35:25 +0000  copying file ./LaunchImage-700@2x.png ... 
2017-11-14 03:35:25 +0000  126231 bytes for ./LaunchImage-700@2x.png
2017-11-14 03:35:25 +0000  copying file ./LaunchImage-700-568h@2x.png ... 
2017-11-14 03:35:25 +0000  127331 bytes for ./LaunchImage-700-568h@2x.png
2017-11-14 03:35:25 +0000  copying file ./CDVNotification.bundle/beep.wav ... 
2017-11-14 03:35:25 +0000  8114 bytes for ./CDVNotification.bundle/beep.wav
2017-11-14 03:35:25 +0000  copying file ./AppIcon-120x20~ipad.png ... 
2017-11-14 03:35:25 +0000  1443 bytes for ./AppIcon-120x20~ipad.png
copying file ./AppIcon-140x40~ipad.png ... 
2017-11-14 03:35:25 +0000  2932 bytes for ./AppIcon-140x40~ipad.png
2017-11-14 03:35:25 +0000  copying file ./AppIcon-129x29@2x~ipad.png ... 
2017-11-14 03:35:25 +0000  5805 bytes for ./AppIcon-129x29@2x~ipad.png
2017-11-14 03:35:25 +0000  copying file ./embedded.mobileprovision ... 
2017-11-14 03:35:25 +0000  7429 bytes for ./embedded.mobileprovision
copying file ./LaunchImage-700-Portrait@2x~ipad.png ... 
2017-11-14 03:35:25 +0000  334632 bytes for ./LaunchImage-700-Portrait@2x~ipad.png
copying file ./Info.plist ... 
2017-11-14 03:35:25 +0000  1953 bytes for ./Info.plist
2017-11-14 03:35:25 +0000  copying file ./AppIcon-176x76~ipad.png ... 
2017-11-14 03:35:25 +0000  9576 bytes for ./AppIcon-176x76~ipad.png
2017-11-14 03:35:25 +0000  copying file ./PkgInfo ... 
2017-11-14 03:35:25 +0000  8 bytes for ./PkgInfo
copying file ./AppIcon-120x20@2x~ipad.png ... 
2017-11-14 03:35:25 +0000  2932 bytes for ./AppIcon-120x20@2x~ipad.png
2017-11-14 03:35:25 +0000  
2017-11-14 03:35:25 +0000  2017-11-14 03:35:25 +0000  /usr/bin/ditto exited with 0

2017-11-14 03:35:25 +0000  
2017-11-14 03:35:25 +0000  Processing step: IDEDistributionEmbedProfileStep
2017-11-14 03:35:25 +0000  Processing step: IDEDistributionItemRemovalStep
2017-11-14 03:35:25 +0000  Processing step: IDEDistributionAppThinningPlistStep
2017-11-14 03:35:25 +0000  Skipping step: IDEDistributionAppThinningPlistStep because it said so
2017-11-14 03:35:25 +0000  Processing step: IDEDistributionCompileBitcodeStep
2017-11-14 03:35:25 +0000  Skipping step: IDEDistributionCompileBitcodeStep because it said so
2017-11-14 03:35:25 +0000  Processing step: IDEDistributionCodeSlimmingStep
2017-11-14 03:35:25 +0000  Processing step: IDEDistributionCopyBCSymbolMapsStep
2017-11-14 03:35:25 +0000  Processing step: IDEDistributionSymbolsStep
2017-11-14 03:35:25 +0000  Processing symbols for Big Shaq.app
2017-11-14 03:35:25 +0000  Running /usr/bin/rsync '-8aPhhE' '/var/folders/v5/6xfkbd6x53q1p_gv12558zs80000gp/T/XcodeDistPipeline.le1/Root/Payload/Big Shaq.app' '--link-dest' '/var/folders/v5/6xfkbd6x53q1p_gv12558zs80000gp/T/XcodeDistPipeline.le1/Root/Payload' '/var/folders/v5/6xfkbd6x53q1p_gv12558zs80000gp/T/XcodeDistPipeline.le1'
2017-11-14 03:35:25 +0000  building file list ... 
2017-11-14 03:35:25 +0000   0 files...2017-11-14 03:35:25 +0000   100 files...2017-11-14 03:35:25 +0000   200 files...2017-11-14 03:35:25 +0000  292 files to consider
2017-11-14 03:35:25 +0000  Big Shaq.app/
2017-11-14 03:35:25 +0000  Big Shaq.app/CDVLaunchScreen.storyboardc/
Big Shaq.app/CDVNotification.bundle/
Big Shaq.app/_CodeSignature/
Big Shaq.app/www/
Big Shaq.app/www/audio/
Big Shaq.app/www/cordova-js-src/
Big Shaq.app/www/cordova-js-src/plugin/
Big Shaq.app/www/cordova-js-src/plugin/ios/
Big Shaq.app/www/css/
Big Shaq.app/www/img/
Big Shaq.app/www/js/
Big Shaq.app/www/lib/
Big Shaq.app/www/lib/angular-admob/
Big Shaq.app/www/plugins/
Big Shaq.app/www/plugins/cordova-plugin-admobpro/
Big Shaq.app/www/plugins/cordova-plugin-admobpro/www/
2017-11-14 03:35:25 +0000  Big Shaq.app/www/plugins/cordova-plugin-device-orientation/
Big Shaq.app/www/plugins/cordova-plugin-device-orientation/www/
Big Shaq.app/www/plugins/cordova-plugin-device/
Big Shaq.app/www/plugins/cordova-plugin-device/www/
Big Shaq.app/www/plugins/cordova-plugin-dialogs/
Big Shaq.app/www/plugins/cordova-plugin-dialogs/www/
Big Shaq.app/www/plugins/cordova-plugin-file-transfer/
Big Shaq.app/www/plugins/cordova-plugin-file-transfer/www/
Big Shaq.app/www/plugins/cordova-plugin-file/
Big Shaq.app/www/plugins/cordova-plugin-file/www/
Big Shaq.app/www/plugins/cordova-plugin-file/www/browser/
Big Shaq.app/www/plugins/cordova-plugin-file/www/ios/
Big Shaq.app/www/plugins/cordova-plugin-firebase-analytics/
Big Shaq.app/www/plugins/cordova-plugin-firebase-analytics/www/
Big Shaq.app/www/plugins/cordova-plugin-inappbrowser/
Big Shaq.app/www/plugins/cordova-plugin-inappbrowser/www/
Big Shaq.app/www/plugins/cordova-plugin-media/
Big Shaq.app/www/plugins/cordova-plugin-media/www/
Big Shaq.app/www/plugins/cordova-plugin-network-information/
Big Shaq.app/www/plugins/cordova-plugin-network-information/www/
Big Shaq.app/www/plugins/cordova-plugin-splashscreen/
Big Shaq.app/www/plugins/cordova-plugin-splashscreen/www/
Big Shaq.app/www/plugins/cordova-plugin-statusbar/
Big Shaq.app/www/plugins/cordova-plugin-statusbar/www/
Big Shaq.app/www/plugins/cordova-plugin-wkwebview-engine/
Big Shaq.app/www/plugins/cordova-plugin-wkwebview-engine/src/
Big Shaq.app/www/plugins/cordova-plugin-wkwebview-engine/src/www/
Big Shaq.app/www/plugins/cordova-plugin-wkwebview-engine/src/www/ios/
Big Shaq.app/www/res/
Big Shaq.app/www/res/icon/
Big Shaq.app/www/res/icon/android/
Big Shaq.app/www/res/screen/
Big Shaq.app/www/res/screen/android/
Big Shaq.app/www/res/screen/ios/
Big Shaq.app/www/res/screen/windows/
Big Shaq.app/www/res/screen/wp8/
2017-11-14 03:35:25 +0000  Big Shaq.app/www/spec/
Big Shaq.app/www/spec/lib/
Big Shaq.app/www/spec/lib/jasmine-1.2.0/
2017-11-14 03:35:25 +0000  
sent 7.87K bytes  received 356 bytes  16.43K bytes/sec
total size is 17.44M  speedup is 2174.48
2017-11-14 03:35:25 +0000  2017-11-14 03:35:25 +0000  /usr/bin/rsync exited with 02017-11-14 03:35:25 +0000  


2017-11-14 03:35:25 +0000  Running /usr/bin/rsync '-8aPhhE' '/Users/isaacmercer/Library/Developer/Xcode/Archives/2017-11-14/Big Shaq 14-11-17, 4.29 PM.xcarchive/dSYMs/' '--link-dest' '/Users/isaacmercer/Library/Developer/Xcode/Archives/2017-11-14/Big Shaq 14-11-17, 4.29 PM.xcarchive/dSYMs/' '/var/folders/v5/6xfkbd6x53q1p_gv12558zs80000gp/T/XcodeDistPipeline.le1'
2017-11-14 03:35:25 +0000  building file list ... 
2017-11-14 03:35:25 +0000   0 files...2017-11-14 03:35:25 +0000  7 files to consider
2017-11-14 03:35:25 +0000  ./
Big Shaq.app.dSYM/
Big Shaq.app.dSYM/Contents/
Big Shaq.app.dSYM/Contents/Resources/
Big Shaq.app.dSYM/Contents/Resources/DWARF/
2017-11-14 03:35:25 +0000  
sent 242 bytes  received 50 bytes  584.00 bytes/sec
total size is 3.81M  speedup is 13694.27
2017-11-14 03:35:25 +0000  
2017-11-14 03:35:25 +0000  
2017-11-14 03:35:25 +0000  
2017-11-14 03:35:25 +0000  
2017-11-14 03:35:25 +0000  
2017-11-14 03:35:25 +0000  
2017-11-14 03:35:25 +0000  
2017-11-14 03:35:25 +0000  
2017-11-14 03:35:25 +0000  2017-11-14 03:35:25 +0000  

2017-11-14 03:35:25 +0000  2017-11-14 03:35:25 +0000  
2017-11-14 03:35:25 +0000  /usr/bin/rsync exited with 0

2017-11-14 03:35:25 +0000  
2017-11-14 03:35:25 +0000  
2017-11-14 03:35:25 +0000  Running /Applications/Xcode.app/Contents/Developer/usr/bin/symbols '-noTextInSOD' '-noDaemon' '-arch' 'all' '-symbolsPackageDir' '/var/folders/v5/6xfkbd6x53q1p_gv12558zs80000gp/T/XcodeDistPipeline.le1/Symbols' '/var/folders/v5/6xfkbd6x53q1p_gv12558zs80000gp/T/XcodeDistPipeline.le1/Big Shaq.app.dSYM/Contents/Resources/Dwarf/Big Shaq'
2017-11-14 03:35:26 +0000  /var/folders/v5/6xfkbd6x53q1p_gv12558zs80000gp/T/XcodeDistPipeline.le1/Big Shaq.app.dSYM/Contents/Resources/Dwarf/Big Shaq [armv7, 0.111713 seconds]:
/var/folders/v5/6xfkbd6x53q1p_gv12558zs80000gp/T/XcodeDistPipeline.le1/Big Shaq.app.dSYM/Contents/Resources/Dwarf/Big Shaq [arm64, 0.111713 seconds]:
2017-11-14 03:35:26 +0000  2017-11-14 03:35:26 +0000  

2017-11-14 03:35:26 +0000  
2017-11-14 03:35:26 +0000  
2017-11-14 03:35:26 +0000  
2017-11-14 03:35:26 +0000  
2017-11-14 03:35:26 +0000  
2017-11-14 03:35:26 +0000  
2017-11-14 03:35:26 +0000  
2017-11-14 03:35:26 +0000  
2017-11-14 03:35:26 +0000  
2017-11-14 03:35:26 +0000  2017-11-14 03:35:26 +0000  

2017-11-14 03:35:26 +0000  2017-11-14 03:35:26 +0000  /Applications/Xcode.app/Contents/Developer/usr/bin/symbols exited with 02017-11-14 03:35:26 +0000  


2017-11-14 03:35:26 +0000  Processing step: IDEDistributionCopyAppleProvidedContentStep
2017-11-14 03:35:26 +0000  Processing step: IDEDistributionAppThinningStep
2017-11-14 03:35:26 +0000  Skipping step: IDEDistributionAppThinningStep because it said so
2017-11-14 03:35:26 +0000  Processing step: IDEDistributionODRStep
2017-11-14 03:35:26 +0000  Processing step: IDEDistributionStripXattrsStep
2017-11-14 03:35:26 +0000  Running /usr/bin/xattr '-crs' '/var/folders/v5/6xfkbd6x53q1p_gv12558zs80000gp/T/XcodeDistPipeline.le1/Root/Payload/Big Shaq.app'
2017-11-14 03:35:26 +0000  2017-11-14 03:35:26 +0000  

2017-11-14 03:35:26 +0000  /usr/bin/xattr exited with 02017-11-14 03:35:26 +0000  

2017-11-14 03:35:26 +0000  
2017-11-14 03:35:26 +0000  Processing step: IDEDistributionCodesignStep
2017-11-14 03:35:26 +0000  Applying entitlements delta for <IDEDistributionItem: 0x7fa5a9984c00 'nz.isaacmercer.bigshaq' '<DVTFilePath:0x7fa5a89ee860:'/Users/isaacmercer/Library/Developer/Xcode/Archives/2017-11-14/Big Shaq 14-11-17, 4.29 PM.xcarchive/Products/Applications/Big Shaq.app'>'> from <IDEiCloudEntitlementsProcessor: 0x7fa5a974f520>: {
}
2017-11-14 03:35:26 +0000  Entitlements for <IDEDistributionItem: 0x7fa5a9984c00 'nz.isaacmercer.bigshaq' '<DVTFilePath:0x7fa5a89ee860:'/Users/isaacmercer/Library/Developer/Xcode/Archives/2017-11-14/Big Shaq 14-11-17, 4.29 PM.xcarchive/Products/Applications/Big Shaq.app'>'>: {
    "application-identifier" = "YBYHDBC82A.nz.isaacmercer.bigshaq";
    "beta-reports-active" = 1;
    "com.apple.developer.team-identifier" = YBYHDBC82A;
    "get-task-allow" = 0;
}
2017-11-14 03:35:26 +0000  Writing entitlements for <IDEDistributionItem: 0x7fa5a9984c00 'nz.isaacmercer.bigshaq' '<DVTFilePath:0x7fa5a89ee860:'/Users/isaacmercer/Library/Developer/Xcode/Archives/2017-11-14/Big Shaq 14-11-17, 4.29 PM.xcarchive/Products/Applications/Big Shaq.app'>'> to: /var/folders/v5/6xfkbd6x53q1p_gv12558zs80000gp/T/XcodeDistPipeline.le1/entitlements5lkb7d
2017-11-14 03:35:26 +0000  Running /usr/bin/codesign '-vvv' '--force' '--sign' '44FCE367AC7212A0951C1E1E39BB56B0DBCC9D68' '--preserve-metadata=identifier,flags' '--entitlements' '/var/folders/v5/6xfkbd6x53q1p_gv12558zs80000gp/T/XcodeDistPipeline.le1/entitlements5lkb7d' '/var/folders/v5/6xfkbd6x53q1p_gv12558zs80000gp/T/XcodeDistPipeline.le1/Root/Payload/Big Shaq.app'
2017-11-14 03:35:26 +0000  /var/folders/v5/6xfkbd6x53q1p_gv12558zs80000gp/T/XcodeDistPipeline.le1/Root/Payload/Big Shaq.app: replacing existing signature
2017-11-14 03:35:32 +0000  /var/folders/v5/6xfkbd6x53q1p_gv12558zs80000gp/T/XcodeDistPipeline.le1/Root/Payload/Big Shaq.app: signed app bundle with Mach-O universal (armv7 arm64) [nz.isaacmercer.bigshaq]
2017-11-14 03:35:32 +0000  
2017-11-14 03:35:32 +0000  
2017-11-14 03:35:32 +0000  
2017-11-14 03:35:32 +0000  
2017-11-14 03:35:32 +0000  
2017-11-14 03:35:32 +0000  
2017-11-14 03:35:32 +0000  
2017-11-14 03:35:32 +0000  
2017-11-14 03:35:32 +0000  
2017-11-14 03:35:32 +0000  
2017-11-14 03:35:32 +0000  
2017-11-14 03:35:32 +0000  
2017-11-14 03:35:32 +0000  2017-11-14 03:35:32 +0000  /usr/bin/codesign exited with 0
2017-11-14 03:35:32 +0000  2017-11-14 03:35:32 +0000  Processing step: IDEDistributionStreamingZipItemStep


2017-11-14 03:35:32 +0000  Skipping step: IDEDistributionStreamingZipItemStep because it said so
2017-11-14 03:35:32 +0000  Processing step: IDEDistributionCreateIPAStep
2017-11-14 03:35:32 +0000  Running /usr/bin/rsync '-8aPhhE' '/var/folders/v5/6xfkbd6x53q1p_gv12558zs80000gp/T/XcodeDistPipeline.le1/Symbols' '--link-dest' '/var/folders/v5/6xfkbd6x53q1p_gv12558zs80000gp/T/XcodeDistPipeline.le1' '/var/folders/v5/6xfkbd6x53q1p_gv12558zs80000gp/T/XcodeDistPipeline.le1/Root'
2017-11-14 03:35:32 +0000  building file list ... 
2017-11-14 03:35:32 +0000   0 files...2017-11-14 03:35:32 +0000  3 files to consider
2017-11-14 03:35:32 +0000  Symbols/
2017-11-14 03:35:32 +0000  
sent 200 bytes  received 26 bytes  452.00 bytes/sec
total size is 1.70M  speedup is 7894.69
2017-11-14 03:35:32 +0000  2017-11-14 03:35:32 +0000  

2017-11-14 03:35:32 +0000  
2017-11-14 03:35:32 +0000  
2017-11-14 03:35:32 +0000  
2017-11-14 03:35:32 +0000  
2017-11-14 03:35:32 +0000  
2017-11-14 03:35:32 +0000  
2017-11-14 03:35:32 +0000  
2017-11-14 03:35:32 +0000  2017-11-14 03:35:32 +0000  

2017-11-14 03:35:32 +0000  
2017-11-14 03:35:32 +0000  
2017-11-14 03:35:32 +0000  
2017-11-14 03:35:32 +0000  2017-11-14 03:35:32 +0000  /usr/bin/rsync exited with 0

2017-11-14 03:35:32 +0000  
2017-11-14 03:35:32 +0000  Running /usr/bin/ditto '-V' '-c' '-k' '--norsrc' '/var/folders/v5/6xfkbd6x53q1p_gv12558zs80000gp/T/XcodeDistPipeline.le1/Root' '/var/folders/v5/6xfkbd6x53q1p_gv12558zs80000gp/T/XcodeDistPipeline.le1/Packages/Big Shaq.ipa'
2017-11-14 03:35:32 +0000  >>> Copying /var/folders/v5/6xfkbd6x53q1p_gv12558zs80000gp/T/XcodeDistPipeline.le1/Root 
2017-11-14 03:35:32 +0000  copying file ./Payload/Big Shaq.app/_CodeSignature/CodeResources ... 
2017-11-14 03:35:32 +0000  78297 bytes for ./Payload/Big Shaq.app/_CodeSignature/CodeResources
2017-11-14 03:35:32 +0000  copying file ./Payload/Big Shaq.app/Big Shaq ... 
2017-11-14 03:35:33 +0000  6782496 bytes for ./Payload/Big Shaq.app/Big Shaq
2017-11-14 03:35:33 +0000  copying file ./Payload/Big Shaq.app/LaunchImage-1100-Portrait-2436h@3x.png ... 
2017-11-14 03:35:33 +0000  366934 bytes for ./Payload/Big Shaq.app/LaunchImage-1100-Portrait-2436h@3x.png
2017-11-14 03:35:33 +0000  copying file ./Payload/Big Shaq.app/AppIcon-120x20@2x.png ... 
2017-11-14 03:35:33 +0000  2932 bytes for ./Payload/Big Shaq.app/AppIcon-120x20@2x.png
copying file ./Payload/Big Shaq.app/MainViewController.nib ... 
2017-11-14 03:35:33 +0000  943 bytes for ./Payload/Big Shaq.app/MainViewController.nib
copying file ./Payload/Big Shaq.app/AppIcon-120x20@3x.png ... 
2017-11-14 03:35:33 +0000  6041 bytes for ./Payload/Big Shaq.app/AppIcon-120x20@3x.png
2017-11-14 03:35:33 +0000  copying file ./Payload/Big Shaq.app/AppIcon-160x60@2x.png ... 
2017-11-14 03:35:33 +0000  21946 bytes for ./Payload/Big Shaq.app/AppIcon-160x60@2x.png
2017-11-14 03:35:33 +0000  copying file ./Payload/Big Shaq.app/AppIcon-129x29@2x.png ... 
2017-11-14 03:35:33 +0000  5805 bytes for ./Payload/Big Shaq.app/AppIcon-129x29@2x.png
copying file ./Payload/Big Shaq.app/LaunchImage-800-667h@2x.png ... 
2017-11-14 03:35:33 +0000  211303 bytes for ./Payload/Big Shaq.app/LaunchImage-800-667h@2x.png
2017-11-14 03:35:33 +0000  copying file ./Payload/Big Shaq.app/AppIcon-140x40@3x.png ... 
2017-11-14 03:35:33 +0000  21601 bytes for ./Payload/Big Shaq.app/AppIcon-140x40@3x.png
2017-11-14 03:35:33 +0000  copying file ./Payload/Big Shaq.app/AppIcon-140x40@2x.png ... 
2017-11-14 03:35:33 +0000  10570 bytes for ./Payload/Big Shaq.app/AppIcon-140x40@2x.png
2017-11-14 03:35:33 +0000  copying file ./Payload/Big Shaq.app/AppIcon-129x29~ipad.png ... 
2017-11-14 03:35:33 +0000  1693 bytes for ./Payload/Big Shaq.app/AppIcon-129x29~ipad.png
copying file ./Payload/Big Shaq.app/AppIcon-129x29@3x.png ... 
2017-11-14 03:35:33 +0000  12042 bytes for ./Payload/Big Shaq.app/AppIcon-129x29@3x.png
2017-11-14 03:35:33 +0000  copying file ./Payload/Big Shaq.app/GoogleService-Info.plist ... 
2017-11-14 03:35:33 +0000  878 bytes for ./Payload/Big Shaq.app/GoogleService-Info.plist
copying file ./Payload/Big Shaq.app/AppIcon-160x60@3x.png ... 
2017-11-14 03:35:33 +0000  45073 bytes for ./Payload/Big Shaq.app/AppIcon-160x60@3x.png
2017-11-14 03:35:33 +0000  copying file ./Payload/Big Shaq.app/config.xml ... 
4494 bytes for ./Payload/Big Shaq.app/config.xml
2017-11-14 03:35:33 +0000  copying file ./Payload/Big Shaq.app/www/icon.png ... 
2017-11-14 03:35:33 +0000  204881 bytes for ./Payload/Big Shaq.app/www/icon.png
2017-11-14 03:35:33 +0000  copying file ./Payload/Big Shaq.app/www/res/icon.png ... 
2017-11-14 03:35:33 +0000  204881 bytes for ./Payload/Big Shaq.app/www/res/icon.png
2017-11-14 03:35:33 +0000  copying file ./Payload/Big Shaq.app/www/res/screen/ios/Default-568h@2x~iphone.png ... 
2017-11-14 03:35:33 +0000  19314 bytes for ./Payload/Big Shaq.app/www/res/screen/ios/Default-568h@2x~iphone.png
2017-11-14 03:35:33 +0000  copying file ./Payload/Big Shaq.app/www/res/screen/ios/Default-Portrait@2x~ipad.png ... 
2017-11-14 03:35:33 +0000  54206 bytes for ./Payload/Big Shaq.app/www/res/screen/ios/Default-Portrait@2x~ipad.png
2017-11-14 03:35:33 +0000  copying file ./Payload/Big Shaq.app/www/res/screen/ios/Default-Landscape~ipad.png ... 
2017-11-14 03:35:33 +0000  17311 bytes for ./Payload/Big Shaq.app/www/res/screen/ios/Default-Landscape~ipad.png
2017-11-14 03:35:33 +0000  copying file ./Payload/Big Shaq.app/www/res/screen/ios/Default-Portrait~ipad.png ... 
2017-11-14 03:35:33 +0000  17462 bytes for ./Payload/Big Shaq.app/www/res/screen/ios/Default-Portrait~ipad.png
2017-11-14 03:35:33 +0000  copying file ./Payload/Big Shaq.app/www/res/screen/ios/Default-736h.png ... 
2017-11-14 03:35:33 +0000  55266 bytes for ./Payload/Big Shaq.app/www/res/screen/ios/Default-736h.png
2017-11-14 03:35:33 +0000  copying file ./Payload/Big Shaq.app/www/res/screen/ios/Default~iphone.png ... 
2017-11-14 03:35:33 +0000  6091 bytes for ./Payload/Big Shaq.app/www/res/screen/ios/Default~iphone.png
copying file ./Payload/Big Shaq.app/www/res/screen/ios/Default-Landscape@2x~ipad.png ... 
2017-11-14 03:35:33 +0000  53833 bytes for ./Payload/Big Shaq.app/www/res/screen/ios/Default-Landscape@2x~ipad.png
2017-11-14 03:35:33 +0000  copying file ./Payload/Big Shaq.app/www/res/screen/ios/Default-Landscape-736h.png ... 
2017-11-14 03:35:33 +0000  53963 bytes for ./Payload/Big Shaq.app/www/res/screen/ios/Default-Landscape-736h.png
2017-11-14 03:35:33 +0000  copying file ./Payload/Big Shaq.app/www/res/screen/ios/Default@2x~iphone.png ... 
2017-11-14 03:35:33 +0000  15340 bytes for ./Payload/Big Shaq.app/www/res/screen/ios/Default@2x~iphone.png
2017-11-14 03:35:33 +0000  copying file ./Payload/Big Shaq.app/www/res/screen/ios/Default-667h.png ... 
2017-11-14 03:35:33 +0000  24810 bytes for ./Payload/Big Shaq.app/www/res/screen/ios/Default-667h.png
2017-11-14 03:35:33 +0000  copying file ./Payload/Big Shaq.app/www/res/screen/wp8/screen-portrait.jpg ... 
2017-11-14 03:35:33 +0000  56486 bytes for ./Payload/Big Shaq.app/www/res/screen/wp8/screen-portrait.jpg
2017-11-14 03:35:33 +0000  copying file ./Payload/Big Shaq.app/www/res/screen/android/drawable-port-xxhdpi-screen.png ... 
2017-11-14 03:35:33 +0000  36433 bytes for ./Payload/Big Shaq.app/www/res/screen/android/drawable-port-xxhdpi-screen.png
2017-11-14 03:35:33 +0000  copying file ./Payload/Big Shaq.app/www/res/screen/android/drawable-port-xhdpi-screen.png ... 
2017-11-14 03:35:33 +0000  23328 bytes for ./Payload/Big Shaq.app/www/res/screen/android/drawable-port-xhdpi-screen.png
2017-11-14 03:35:33 +0000  copying file ./Payload/Big Shaq.app/www/res/screen/android/drawable-port-xxxhdpi-screen.png ... 
2017-11-14 03:35:33 +0000  60829 bytes for ./Payload/Big Shaq.app/www/res/screen/android/drawable-port-xxxhdpi-screen.png
2017-11-14 03:35:33 +0000  copying file ./Payload/Big Shaq.app/www/res/screen/android/drawable-land-xxhdpi-screen.png ... 
2017-11-14 03:35:33 +0000  35929 bytes for ./Payload/Big Shaq.app/www/res/screen/android/drawable-land-xxhdpi-screen.png
2017-11-14 03:35:33 +0000  copying file ./Payload/Big Shaq.app/www/res/screen/android/drawable-land-xhdpi-screen.png ... 
2017-11-14 03:35:33 +0000  24102 bytes for ./Payload/Big Shaq.app/www/res/screen/android/drawable-land-xhdpi-screen.png
2017-11-14 03:35:33 +0000  copying file ./Payload/Big Shaq.app/www/res/screen/android/drawable-port-hdpi-screen.png ... 
2017-11-14 03:35:33 +0000  11551 bytes for ./Payload/Big Shaq.app/www/res/screen/android/drawable-port-hdpi-screen.png
2017-11-14 03:35:33 +0000  copying file ./Payload/Big Shaq.app/www/res/screen/android/drawable-land-mdpi-screen.png ... 
2017-11-14 03:35:33 +0000  5916 bytes for ./Payload/Big Shaq.app/www/res/screen/android/drawable-land-mdpi-screen.png
copying file ./Payload/Big Shaq.app/www/res/screen/android/drawable-port-ldpi-screen.png ... 
2017-11-14 03:35:33 +0000  3736 bytes for ./Payload/Big Shaq.app/www/res/screen/android/drawable-port-ldpi-screen.png
2017-11-14 03:35:33 +0000  copying file ./Payload/Big Shaq.app/www/res/screen/android/drawable-land-xxxhdpi-screen.png ... 
2017-11-14 03:35:33 +0000  43679 bytes for ./Payload/Big Shaq.app/www/res/screen/android/drawable-land-xxxhdpi-screen.png
2017-11-14 03:35:33 +0000  copying file ./Payload/Big Shaq.app/www/res/screen/android/drawable-port-mdpi-screen.png ... 
2017-11-14 03:35:33 +0000  6091 bytes for ./Payload/Big Shaq.app/www/res/screen/android/drawable-port-mdpi-screen.png
copying file ./Payload/Big Shaq.app/www/res/screen/android/drawable-land-ldpi-screen.png ... 
2017-11-14 03:35:33 +0000  3629 bytes for ./Payload/Big Shaq.app/www/res/screen/android/drawable-land-ldpi-screen.png
2017-11-14 03:35:33 +0000  copying file ./Payload/Big Shaq.app/www/res/screen/android/drawable-land-hdpi-screen.png ... 
2017-11-14 03:35:33 +0000  11401 bytes for ./Payload/Big Shaq.app/www/res/screen/android/drawable-land-hdpi-screen.png
2017-11-14 03:35:33 +0000  copying file ./Payload/Big Shaq.app/www/res/screen/windows/SplashScreen.scale-100.png ... 
2017-11-14 03:35:33 +0000  38915 bytes for ./Payload/Big Shaq.app/www/res/screen/windows/SplashScreen.scale-100.png
2017-11-14 03:35:33 +0000  copying file ./Payload/Big Shaq.app/www/res/screen/windows/SplashScreenPhone.scale-240.png ... 
2017-11-14 03:35:33 +0000  247521 bytes for ./Payload/Big Shaq.app/www/res/screen/windows/SplashScreenPhone.scale-240.png
2017-11-14 03:35:33 +0000  copying file ./Payload/Big Shaq.app/www/res/icon/android/drawable-mdpi-icon.png ... 
2017-11-14 03:35:33 +0000  4604 bytes for ./Payload/Big Shaq.app/www/res/icon/android/drawable-mdpi-icon.png
2017-11-14 03:35:33 +0000  copying file ./Payload/Big Shaq.app/www/res/icon/android/drawable-hdpi-icon.png ... 
2017-11-14 03:35:33 +0000  9004 bytes for ./Payload/Big Shaq.app/www/res/icon/android/drawable-hdpi-icon.png
copying file ./Payload/Big Shaq.app/www/res/icon/android/drawable-xxxhdpi-icon.png ... 
2017-11-14 03:35:33 +0000  41571 bytes for ./Payload/Big Shaq.app/www/res/icon/android/drawable-xxxhdpi-icon.png
2017-11-14 03:35:33 +0000  copying file ./Payload/Big Shaq.app/www/res/icon/android/drawable-xhdpi-icon.png ... 
2017-11-14 03:35:33 +0000  13904 bytes for ./Payload/Big Shaq.app/www/res/icon/android/drawable-xhdpi-icon.png
2017-11-14 03:35:33 +0000  copying file ./Payload/Big Shaq.app/www/res/icon/android/drawable-xxhdpi-icon.png ... 
26813 bytes for ./Payload/Big Shaq.app/www/res/icon/android/drawable-xxhdpi-icon.png
copying file ./Payload/Big Shaq.app/www/res/icon/android/drawable-ldpi-icon.png ... 
2806 bytes for ./Payload/Big Shaq.app/www/res/icon/android/drawable-ldpi-icon.png
copying file ./Payload/Big Shaq.app/www/index.html ... 
36099 bytes for ./Payload/Big Shaq.app/www/index.html
copying file ./Payload/Big Shaq.app/www/cordova.js ... 
2017-11-14 03:35:33 +0000  78044 bytes for ./Payload/Big Shaq.app/www/cordova.js
2017-11-14 03:35:33 +0000  copying file ./Payload/Big Shaq.app/www/css/bootstrap.min.css ... 
2017-11-14 03:35:33 +0000  127343 bytes for ./Payload/Big Shaq.app/www/css/bootstrap.min.css
2017-11-14 03:35:33 +0000  copying file ./Payload/Big Shaq.app/www/css/2fcrYFNaTjcS6g4U3t-Y5RV6cRhDpPC5P4GCEJpqGoc.woff ... 
2017-11-14 03:35:33 +0000  56792 bytes for ./Payload/Big Shaq.app/www/css/2fcrYFNaTjcS6g4U3t-Y5RV6cRhDpPC5P4GCEJpqGoc.woff
2017-11-14 03:35:33 +0000  copying file ./Payload/Big Shaq.app/www/css/bootstrap-reboot.min.css.map ... 
2017-11-14 03:35:33 +0000  27297 bytes for ./Payload/Big Shaq.app/www/css/bootstrap-reboot.min.css.map
2017-11-14 03:35:33 +0000  copying file ./Payload/Big Shaq.app/www/css/bootstrap.css ... 
2017-11-14 03:35:33 +0000  159202 bytes for ./Payload/Big Shaq.app/www/css/bootstrap.css
2017-11-14 03:35:33 +0000  copying file ./Payload/Big Shaq.app/www/css/bootstrap-grid.css.map ... 
2017-11-14 03:35:33 +0000  81990 bytes for ./Payload/Big Shaq.app/www/css/bootstrap-grid.css.map
2017-11-14 03:35:33 +0000  copying file ./Payload/Big Shaq.app/www/css/bootstrap-grid.min.css ... 
2017-11-14 03:35:33 +0000  24162 bytes for ./Payload/Big Shaq.app/www/css/bootstrap-grid.min.css
2017-11-14 03:35:33 +0000  copying file ./Payload/Big Shaq.app/www/css/index.css ... 
566 bytes for ./Payload/Big Shaq.app/www/css/index.css
copying file ./Payload/Big Shaq.app/www/css/bootstrap.css.map ... 
2017-11-14 03:35:33 +0000  390790 bytes for ./Payload/Big Shaq.app/www/css/bootstrap.css.map
2017-11-14 03:35:33 +0000  copying file ./Payload/Big Shaq.app/www/css/bootstrap.min.css.map ... 
2017-11-14 03:35:33 +0000  514728 bytes for ./Payload/Big Shaq.app/www/css/bootstrap.min.css.map
2017-11-14 03:35:33 +0000  copying file ./Payload/Big Shaq.app/www/css/bootstrap-reboot.min.css ... 
2017-11-14 03:35:33 +0000  4066 bytes for ./Payload/Big Shaq.app/www/css/bootstrap-reboot.min.css
copying file ./Payload/Big Shaq.app/www/css/material.min.css ... 
2017-11-14 03:35:33 +0000  141295 bytes for ./Payload/Big Shaq.app/www/css/material.min.css
2017-11-14 03:35:33 +0000  copying file ./Payload/Big Shaq.app/www/css/bootstrap-reboot.css ... 
2017-11-14 03:35:33 +0000  4964 bytes for ./Payload/Big Shaq.app/www/css/bootstrap-reboot.css
copying file ./Payload/Big Shaq.app/www/css/bootstrap-grid.css ... 
2017-11-14 03:35:33 +0000  32403 bytes for ./Payload/Big Shaq.app/www/css/bootstrap-grid.css
2017-11-14 03:35:33 +0000  copying file ./Payload/Big Shaq.app/www/css/fonts.css ... 
591 bytes for ./Payload/Big Shaq.app/www/css/fonts.css
2017-11-14 03:35:33 +0000  copying file ./Payload/Big Shaq.app/www/css/bootstrap-grid.min.css.map ... 
2017-11-14 03:35:33 +0000  58107 bytes for ./Payload/Big Shaq.app/www/css/bootstrap-grid.min.css.map
2017-11-14 03:35:33 +0000  copying file ./Payload/Big Shaq.app/www/css/bootstrap-reboot.css.map ... 
2017-11-14 03:35:33 +0000  55618 bytes for ./Payload/Big Shaq.app/www/css/bootstrap-reboot.css.map
2017-11-14 03:35:33 +0000  copying file ./Payload/Big Shaq.app/www/plugins/cordova-plugin-file/www/requestFileSystem.js ... 
2017-11-14 03:35:33 +0000  3244 bytes for ./Payload/Big Shaq.app/www/plugins/cordova-plugin-file/www/requestFileSystem.js
2017-11-14 03:35:33 +0000  copying file ./Payload/Big Shaq.app/www/plugins/cordova-plugin-file/www/DirectoryEntry.js ... 
2017-11-14 03:35:33 +0000  4681 bytes for ./Payload/Big Shaq.app/www/plugins/cordova-plugin-file/www/DirectoryEntry.js
copying file ./Payload/Big Shaq.app/www/plugins/cordova-plugin-file/www/FileSystem.js ... 
2017-11-14 03:35:33 +0000  1960 bytes for ./Payload/Big Shaq.app/www/plugins/cordova-plugin-file/www/FileSystem.js
copying file ./Payload/Big Shaq.app/www/plugins/cordova-plugin-file/www/Flags.js ... 
2017-11-14 03:35:33 +0000  1336 bytes for ./Payload/Big Shaq.app/www/plugins/cordova-plugin-file/www/Flags.js
2017-11-14 03:35:33 +0000  copying file ./Payload/Big Shaq.app/www/plugins/cordova-plugin-file/www/fileSystemPaths.js ... 
2017-11-14 03:35:33 +0000  2548 bytes for ./Payload/Big Shaq.app/www/plugins/cordova-plugin-file/www/fileSystemPaths.js
copying file ./Payload/Big Shaq.app/www/plugins/cordova-plugin-file/www/FileEntry.js ... 
2017-11-14 03:35:33 +0000  3423 bytes for ./Payload/Big Shaq.app/www/plugins/cordova-plugin-file/www/FileEntry.js
2017-11-14 03:35:33 +0000  copying file ./Payload/Big Shaq.app/www/plugins/cordova-plugin-file/www/fileSystems.js ... 
2017-11-14 03:35:33 +0000  1047 bytes for ./Payload/Big Shaq.app/www/plugins/cordova-plugin-file/www/fileSystems.js
copying file ./Payload/Big Shaq.app/www/plugins/cordova-plugin-file/www/DirectoryReader.js ... 
2017-11-14 03:35:33 +0000  2724 bytes for ./Payload/Big Shaq.app/www/plugins/cordova-plugin-file/www/DirectoryReader.js
copying file ./Payload/Big Shaq.app/www/plugins/cordova-plugin-file/www/Metadata.js ... 
2017-11-14 03:35:33 +0000  1488 bytes for ./Payload/Big Shaq.app/www/plugins/cordova-plugin-file/www/Metadata.js
2017-11-14 03:35:33 +0000  copying file ./Payload/Big Shaq.app/www/plugins/cordova-plugin-file/www/ios/FileSystem.js ... 
2017-11-14 03:35:33 +0000  1222 bytes for ./Payload/Big Shaq.app/www/plugins/cordova-plugin-file/www/ios/FileSystem.js
2017-11-14 03:35:33 +0000  copying file ./Payload/Big Shaq.app/www/plugins/cordova-plugin-file/www/browser/isChrome.js ... 
2017-11-14 03:35:33 +0000  1206 bytes for ./Payload/Big Shaq.app/www/plugins/cordova-plugin-file/www/browser/isChrome.js
copying file ./Payload/Big Shaq.app/www/plugins/cordova-plugin-file/www/LocalFileSystem.js ... 
2017-11-14 03:35:33 +0000  957 bytes for ./Payload/Big Shaq.app/www/plugins/cordova-plugin-file/www/LocalFileSystem.js
2017-11-14 03:35:33 +0000  copying file ./Payload/Big Shaq.app/www/plugins/cordova-plugin-file/www/FileReader.js ... 
2017-11-14 03:35:33 +0000  10523 bytes for ./Payload/Big Shaq.app/www/plugins/cordova-plugin-file/www/FileReader.js
2017-11-14 03:35:33 +0000  copying file ./Payload/Big Shaq.app/www/plugins/cordova-plugin-file/www/fileSystems-roots.js ... 
2017-11-14 03:35:33 +0000  1598 bytes for ./Payload/Big Shaq.app/www/plugins/cordova-plugin-file/www/fileSystems-roots.js
copying file ./Payload/Big Shaq.app/www/plugins/cordova-plugin-file/www/FileUploadOptions.js ... 
2017-11-14 03:35:33 +0000  1831 bytes for ./Payload/Big Shaq.app/www/plugins/cordova-plugin-file/www/FileUploadOptions.js
2017-11-14 03:35:33 +0000  copying file ./Payload/Big Shaq.app/www/plugins/cordova-plugin-file/www/FileWriter.js ... 
2017-11-14 03:35:33 +0000  10544 bytes for ./Payload/Big Shaq.app/www/plugins/cordova-plugin-file/www/FileWriter.js
2017-11-14 03:35:33 +0000  copying file ./Payload/Big Shaq.app/www/plugins/cordova-plugin-file/www/FileError.js ... 
2017-11-14 03:35:33 +0000  1483 bytes for ./Payload/Big Shaq.app/www/plugins/cordova-plugin-file/www/FileError.js
copying file ./Payload/Big Shaq.app/www/plugins/cordova-plugin-file/www/FileUploadResult.js ... 
2017-11-14 03:35:33 +0000  1111 bytes for ./Payload/Big Shaq.app/www/plugins/cordova-plugin-file/www/FileUploadResult.js
copying file ./Payload/Big Shaq.app/www/plugins/cordova-plugin-file/www/ProgressEvent.js ... 
2017-11-14 03:35:33 +0000  2544 bytes for ./Payload/Big Shaq.app/www/plugins/cordova-plugin-file/www/ProgressEvent.js
2017-11-14 03:35:33 +0000  copying file ./Payload/Big Shaq.app/www/plugins/cordova-plugin-file/www/File.js ... 
2017-11-14 03:35:33 +0000  2714 bytes for ./Payload/Big Shaq.app/www/plugins/cordova-plugin-file/www/File.js
copying file ./Payload/Big Shaq.app/www/plugins/cordova-plugin-file/www/resolveLocalFileSystemURI.js ... 
2017-11-14 03:35:33 +0000  4325 bytes for ./Payload/Big Shaq.app/www/plugins/cordova-plugin-file/www/resolveLocalFileSystemURI.js
2017-11-14 03:35:33 +0000  copying file ./Payload/Big Shaq.app/www/plugins/cordova-plugin-file/www/Entry.js ... 
2017-11-14 03:35:33 +0000  9869 bytes for ./Payload/Big Shaq.app/www/plugins/cordova-plugin-file/www/Entry.js
2017-11-14 03:35:33 +0000  copying file ./Payload/Big Shaq.app/www/plugins/cordova-plugin-inappbrowser/www/inappbrowser.js ... 
2017-11-14 03:35:33 +0000  4309 bytes for ./Payload/Big Shaq.app/www/plugins/cordova-plugin-inappbrowser/www/inappbrowser.js
2017-11-14 03:35:33 +0000  copying file ./Payload/Big Shaq.app/www/plugins/cordova-plugin-device/www/device.js ... 
2017-11-14 03:35:33 +0000  3062 bytes for ./Payload/Big Shaq.app/www/plugins/cordova-plugin-device/www/device.js
2017-11-14 03:35:33 +0000  copying file ./Payload/Big Shaq.app/www/plugins/cordova-plugin-admobpro/www/AdMob.js ... 
2017-11-14 03:35:33 +0000  5044 bytes for ./Payload/Big Shaq.app/www/plugins/cordova-plugin-admobpro/www/AdMob.js
2017-11-14 03:35:33 +0000  copying file ./Payload/Big Shaq.app/www/plugins/cordova-plugin-firebase-analytics/www/FirebaseAnalytics.js ... 
2017-11-14 03:35:33 +0000  1156 bytes for ./Payload/Big Shaq.app/www/plugins/cordova-plugin-firebase-analytics/www/FirebaseAnalytics.js
2017-11-14 03:35:33 +0000  copying file ./Payload/Big Shaq.app/www/plugins/cordova-plugin-device-orientation/www/CompassError.js ... 
1239 bytes for ./Payload/Big Shaq.app/www/plugins/cordova-plugin-device-orientation/www/CompassError.js
2017-11-14 03:35:33 +0000  copying file ./Payload/Big Shaq.app/www/plugins/cordova-plugin-device-orientation/www/CompassHeading.js ... 
1222 bytes for ./Payload/Big Shaq.app/www/plugins/cordova-plugin-device-orientation/www/CompassHeading.js
2017-11-14 03:35:33 +0000  copying file ./Payload/Big Shaq.app/www/plugins/cordova-plugin-device-orientation/www/compass.js ... 
2017-11-14 03:35:33 +0000  5111 bytes for ./Payload/Big Shaq.app/www/plugins/cordova-plugin-device-orientation/www/compass.js
2017-11-14 03:35:33 +0000  copying file ./Payload/Big Shaq.app/www/plugins/cordova-plugin-file-transfer/www/FileTransferError.js ... 
2017-11-14 03:35:33 +0000  1488 bytes for ./Payload/Big Shaq.app/www/plugins/cordova-plugin-file-transfer/www/FileTransferError.js
2017-11-14 03:35:33 +0000  copying file ./Payload/Big Shaq.app/www/plugins/cordova-plugin-file-transfer/www/FileTransfer.js ... 
2017-11-14 03:35:33 +0000  8568 bytes for ./Payload/Big Shaq.app/www/plugins/cordova-plugin-file-transfer/www/FileTransfer.js
2017-11-14 03:35:33 +0000  copying file ./Payload/Big Shaq.app/www/plugins/cordova-plugin-media/www/MediaError.js ... 
2017-11-14 03:35:33 +0000  2308 bytes for ./Payload/Big Shaq.app/www/plugins/cordova-plugin-media/www/MediaError.js
2017-11-14 03:35:33 +0000  copying file ./Payload/Big Shaq.app/www/plugins/cordova-plugin-media/www/Media.js ... 
2017-11-14 03:35:33 +0000  7510 bytes for ./Payload/Big Shaq.app/www/plugins/cordova-plugin-media/www/Media.js
2017-11-14 03:35:33 +0000  copying file ./Payload/Big Shaq.app/www/plugins/cordova-plugin-network-information/www/Connection.js ... 
2017-11-14 03:35:33 +0000  1163 bytes for ./Payload/Big Shaq.app/www/plugins/cordova-plugin-network-information/www/Connection.js
2017-11-14 03:35:33 +0000  copying file ./Payload/Big Shaq.app/www/plugins/cordova-plugin-network-information/www/network.js ... 
2017-11-14 03:35:33 +0000  3360 bytes for ./Payload/Big Shaq.app/www/plugins/cordova-plugin-network-information/www/network.js
2017-11-14 03:35:33 +0000  copying file ./Payload/Big Shaq.app/www/plugins/cordova-plugin-dialogs/www/notification.js ... 
2017-11-14 03:35:33 +0000  5378 bytes for ./Payload/Big Shaq.app/www/plugins/cordova-plugin-dialogs/www/notification.js
2017-11-14 03:35:33 +0000  copying file ./Payload/Big Shaq.app/www/plugins/cordova-plugin-wkwebview-engine/src/www/ios/ios-wkwebview.js ... 
2017-11-14 03:35:33 +0000  1167 bytes for ./Payload/Big Shaq.app/www/plugins/cordova-plugin-wkwebview-engine/src/www/ios/ios-wkwebview.js
2017-11-14 03:35:33 +0000  copying file ./Payload/Big Shaq.app/www/plugins/cordova-plugin-wkwebview-engine/src/www/ios/ios-wkwebview-exec.js ... 
2017-11-14 03:35:33 +0000  6170 bytes for ./Payload/Big Shaq.app/www/plugins/cordova-plugin-wkwebview-engine/src/www/ios/ios-wkwebview-exec.js
2017-11-14 03:35:33 +0000  copying file ./Payload/Big Shaq.app/www/plugins/cordova-plugin-statusbar/www/statusbar.js ... 
2017-11-14 03:35:33 +0000  3376 bytes for ./Payload/Big Shaq.app/www/plugins/cordova-plugin-statusbar/www/statusbar.js
2017-11-14 03:35:33 +0000  copying file ./Payload/Big Shaq.app/www/plugins/cordova-plugin-splashscreen/www/splashscreen.js ... 
2017-11-14 03:35:33 +0000  1173 bytes for ./Payload/Big Shaq.app/www/plugins/cordova-plugin-splashscreen/www/splashscreen.js
2017-11-14 03:35:33 +0000  copying file ./Payload/Big Shaq.app/www/js/jquery-3.2.1.min.js ... 
2017-11-14 03:35:33 +0000  86659 bytes for ./Payload/Big Shaq.app/www/js/jquery-3.2.1.min.js
2017-11-14 03:35:33 +0000  copying file ./Payload/Big Shaq.app/www/js/bootstrap.bundle.js ... 
2017-11-14 03:35:33 +0000  192909 bytes for ./Payload/Big Shaq.app/www/js/bootstrap.bundle.js
2017-11-14 03:35:33 +0000  copying file ./Payload/Big Shaq.app/www/js/bootstrap.bundle.min.js.map ... 
2017-11-14 03:35:33 +0000  271233 bytes for ./Payload/Big Shaq.app/www/js/bootstrap.bundle.min.js.map
2017-11-14 03:35:33 +0000  copying file ./Payload/Big Shaq.app/www/js/bootstrap.bundle.js.map ... 
2017-11-14 03:35:33 +0000  323074 bytes for ./Payload/Big Shaq.app/www/js/bootstrap.bundle.js.map
copying file ./Payload/Big Shaq.app/www/js/material.js ... 
2017-11-14 03:35:33 +0000  145859 bytes for ./Payload/Big Shaq.app/www/js/material.js
2017-11-14 03:35:33 +0000  copying file ./Payload/Big Shaq.app/www/js/material.min.js ... 
2017-11-14 03:35:33 +0000  62491 bytes for ./Payload/Big Shaq.app/www/js/material.min.js
2017-11-14 03:35:33 +0000  copying file ./Payload/Big Shaq.app/www/js/bootstrap.js ... 
2017-11-14 03:35:33 +0000  111610 bytes for ./Payload/Big Shaq.app/www/js/bootstrap.js
2017-11-14 03:35:33 +0000  copying file ./Payload/Big Shaq.app/www/js/material.min.js.map ... 
2017-11-14 03:35:33 +0000  208384 bytes for ./Payload/Big Shaq.app/www/js/material.min.js.map
2017-11-14 03:35:33 +0000  copying file ./Payload/Big Shaq.app/www/js/bootstrap.bundle.min.js ... 
2017-11-14 03:35:33 +0000  69453 bytes for ./Payload/Big Shaq.app/www/js/bootstrap.bundle.min.js
2017-11-14 03:35:33 +0000  copying file ./Payload/Big Shaq.app/www/js/index.js ... 
2017-11-14 03:35:33 +0000  3978 bytes for ./Payload/Big Shaq.app/www/js/index.js
copying file ./Payload/Big Shaq.app/www/js/bootstrap.min.js ... 
2017-11-14 03:35:33 +0000  50564 bytes for ./Payload/Big Shaq.app/www/js/bootstrap.min.js
2017-11-14 03:35:33 +0000  copying file ./Payload/Big Shaq.app/www/js/audio.js ... 
0 bytes for ./Payload/Big Shaq.app/www/js/audio.js
copying file ./Payload/Big Shaq.app/www/js/bootstrap.js.map ... 
2017-11-14 03:35:33 +0000  191202 bytes for ./Payload/Big Shaq.app/www/js/bootstrap.js.map
2017-11-14 03:35:33 +0000  copying file ./Payload/Big Shaq.app/www/js/bootstrap.min.js.map ... 
2017-11-14 03:35:33 +0000  159064 bytes for ./Payload/Big Shaq.app/www/js/bootstrap.min.js.map
2017-11-14 03:35:33 +0000  copying file ./Payload/Big Shaq.app/www/spec/index.js ... 
2017-11-14 03:35:33 +0000  2604 bytes for ./Payload/Big Shaq.app/www/spec/index.js
copying file ./Payload/Big Shaq.app/www/spec/lib/jasmine-1.2.0/jasmine.css ... 
2017-11-14 03:35:33 +0000  6444 bytes for ./Payload/Big Shaq.app/www/spec/lib/jasmine-1.2.0/jasmine.css
2017-11-14 03:35:33 +0000  copying file ./Payload/Big Shaq.app/www/spec/lib/jasmine-1.2.0/MIT.LICENSE ... 
2017-11-14 03:35:33 +0000  1061 bytes for ./Payload/Big Shaq.app/www/spec/lib/jasmine-1.2.0/MIT.LICENSE
copying file ./Payload/Big Shaq.app/www/spec/lib/jasmine-1.2.0/jasmine.js ... 
2017-11-14 03:35:33 +0000  68641 bytes for ./Payload/Big Shaq.app/www/spec/lib/jasmine-1.2.0/jasmine.js
2017-11-14 03:35:33 +0000  copying file ./Payload/Big Shaq.app/www/spec/lib/jasmine-1.2.0/jasmine-html.js ... 
2017-11-14 03:35:33 +0000  19065 bytes for ./Payload/Big Shaq.app/www/spec/lib/jasmine-1.2.0/jasmine-html.js
2017-11-14 03:35:33 +0000  copying file ./Payload/Big Shaq.app/www/spec/helper.js ... 
2017-11-14 03:35:33 +0000  1264 bytes for ./Payload/Big Shaq.app/www/spec/helper.js
copying file ./Payload/Big Shaq.app/www/img/logo.png ... 
2017-11-14 03:35:33 +0000  204881 bytes for ./Payload/Big Shaq.app/www/img/logo.png
2017-11-14 03:35:33 +0000  copying file ./Payload/Big Shaq.app/www/audio/lookatyournose.mp3 ... 
2017-11-14 03:35:33 +0000  29224 bytes for ./Payload/Big Shaq.app/www/audio/lookatyournose.mp3
copying file ./Payload/Big Shaq.app/www/audio/squadededup.mp3 ... 
2017-11-14 03:35:33 +0000  27973 bytes for ./Payload/Big Shaq.app/www/audio/squadededup.mp3
2017-11-14 03:35:33 +0000  copying file ./Payload/Big Shaq.app/www/audio/mybrudda.mp3 ... 
2017-11-14 03:35:33 +0000  23123 bytes for ./Payload/Big Shaq.app/www/audio/mybrudda.mp3
2017-11-14 03:35:33 +0000  copying file ./Payload/Big Shaq.app/www/audio/quackquackquack.mp3 ... 
2017-11-14 03:35:33 +0000  23123 bytes for ./Payload/Big Shaq.app/www/audio/quackquackquack.mp3
2017-11-14 03:35:33 +0000  copying file ./Payload/Big Shaq.app/www/audio/takeoffyourjacket.mp3 ... 
2017-11-14 03:35:33 +0000  26459 bytes for ./Payload/Big Shaq.app/www/audio/takeoffyourjacket.mp3
2017-11-14 03:35:33 +0000  copying file ./Payload/Big Shaq.app/www/audio/englishlesson.mp3 ... 
2017-11-14 03:35:33 +0000  38830 bytes for ./Payload/Big Shaq.app/www/audio/englishlesson.mp3
2017-11-14 03:35:33 +0000  copying file ./Payload/Big Shaq.app/www/audio/makeanep.mp3 ... 
2017-11-14 03:35:33 +0000  54654 bytes for ./Payload/Big Shaq.app/www/audio/makeanep.mp3
2017-11-14 03:35:33 +0000  copying file ./Payload/Big Shaq.app/www/audio/theowlgoesprrttt.mp3 ... 
2017-11-14 03:35:33 +0000  27506 bytes for ./Payload/Big Shaq.app/www/audio/theowlgoesprrttt.mp3
2017-11-14 03:35:33 +0000  copying file ./Payload/Big Shaq.app/www/audio/ileland.mp3 ... 
2017-11-14 03:35:33 +0000  59178 bytes for ./Payload/Big Shaq.app/www/audio/ileland.mp3
2017-11-14 03:35:33 +0000  copying file ./Payload/Big Shaq.app/www/audio/minus1thats3.mp3 ... 
2017-11-14 03:35:33 +0000  29641 bytes for ./Payload/Big Shaq.app/www/audio/minus1thats3.mp3
2017-11-14 03:35:33 +0000  copying file ./Payload/Big Shaq.app/www/audio/idonttakeoffmyjacket.mp3 ... 
2017-11-14 03:35:33 +0000  37976 bytes for ./Payload/Big Shaq.app/www/audio/idonttakeoffmyjacket.mp3
2017-11-14 03:35:33 +0000  copying file ./Payload/Big Shaq.app/www/audio/mansnothot.mp3 ... 
2017-11-14 03:35:33 +0000  23123 bytes for ./Payload/Big Shaq.app/www/audio/mansnothot.mp3
2017-11-14 03:35:33 +0000  copying file ./Payload/Big Shaq.app/www/audio/lynxeffect.mp3 ... 
2017-11-14 03:35:33 +0000  28390 bytes for ./Payload/Big Shaq.app/www/audio/lynxeffect.mp3
2017-11-14 03:35:33 +0000  copying file ./Payload/Big Shaq.app/www/audio/rawsauce.mp3 ... 
2017-11-14 03:35:33 +0000  33965 bytes for ./Payload/Big Shaq.app/www/audio/rawsauce.mp3
2017-11-14 03:35:33 +0000  copying file ./Payload/Big Shaq.app/www/audio/skidipipapa.mp3 ... 
2017-11-14 03:35:33 +0000  27710 bytes for ./Payload/Big Shaq.app/www/audio/skidipipapa.mp3
2017-11-14 03:35:33 +0000  copying file ./Payload/Big Shaq.app/www/audio/manknowsalgebra.mp3 ... 
2017-11-14 03:35:33 +0000  25883 bytes for ./Payload/Big Shaq.app/www/audio/manknowsalgebra.mp3
2017-11-14 03:35:33 +0000  copying file ./Payload/Big Shaq.app/www/audio/papakakaka.mp3 ... 
2017-11-14 03:35:33 +0000  30212 bytes for ./Payload/Big Shaq.app/www/audio/papakakaka.mp3
2017-11-14 03:35:33 +0000  copying file ./Payload/Big Shaq.app/www/audio/mansgotblueeyes.mp3 ... 
2017-11-14 03:35:33 +0000  28961 bytes for ./Payload/Big Shaq.app/www/audio/mansgotblueeyes.mp3
2017-11-14 03:35:33 +0000  copying file ./Payload/Big Shaq.app/www/audio/bigshaq.mp3 ... 
2017-11-14 03:35:33 +0000  20621 bytes for ./Payload/Big Shaq.app/www/audio/bigshaq.mp3
2017-11-14 03:35:33 +0000  copying file ./Payload/Big Shaq.app/www/audio/2plus2.mp3 ... 
2017-11-14 03:35:33 +0000  29641 bytes for ./Payload/Big Shaq.app/www/audio/2plus2.mp3
2017-11-14 03:35:33 +0000  copying file ./Payload/Big Shaq.app/www/audio/mandontstartbiff.mp3 ... 
2017-11-14 03:35:33 +0000  35216 bytes for ./Payload/Big Shaq.app/www/audio/mandontstartbiff.mp3
2017-11-14 03:35:33 +0000  copying file ./Payload/Big Shaq.app/www/audio/bigenglish.mp3 ... 
2017-11-14 03:35:33 +0000  20982 bytes for ./Payload/Big Shaq.app/www/audio/bigenglish.mp3
2017-11-14 03:35:33 +0000  copying file ./Payload/Big Shaq.app/www/audio/mandontmakemelooklikeidontknowenglish.mp3 ... 
2017-11-14 03:35:33 +0000  46668 bytes for ./Payload/Big Shaq.app/www/audio/mandontmakemelooklikeidontknowenglish.mp3
2017-11-14 03:35:33 +0000  copying file ./Payload/Big Shaq.app/www/audio/mansready.mp3 ... 
2017-11-14 03:35:33 +0000  26673 bytes for ./Payload/Big Shaq.app/www/audio/mansready.mp3
copying file ./Payload/Big Shaq.app/www/audio/cmonbruv.mp3 ... 
2017-11-14 03:35:33 +0000  20884 bytes for ./Payload/Big Shaq.app/www/audio/cmonbruv.mp3
2017-11-14 03:35:33 +0000  copying file ./Payload/Big Shaq.app/www/audio/ivegotthesauce.mp3 ... 
2017-11-14 03:35:33 +0000  30629 bytes for ./Payload/Big Shaq.app/www/audio/ivegotthesauce.mp3
2017-11-14 03:35:33 +0000  copying file ./Payload/Big Shaq.app/www/audio/askanegghowdoyouhaveyouryolk.mp3 ... 
2017-11-14 03:35:33 +0000  45482 bytes for ./Payload/Big Shaq.app/www/audio/askanegghowdoyouhaveyouryolk.mp3
2017-11-14 03:35:33 +0000  copying file ./Payload/Big Shaq.app/www/audio/donttrytoincriminateme.mp3 ... 
2017-11-14 03:35:33 +0000  55907 bytes for ./Payload/Big Shaq.app/www/audio/donttrytoincriminateme.mp3
2017-11-14 03:35:33 +0000  copying file ./Payload/Big Shaq.app/www/audio/youdickhead.mp3 ... 
2017-11-14 03:35:33 +0000  25625 bytes for ./Payload/Big Shaq.app/www/audio/youdickhead.mp3
2017-11-14 03:35:33 +0000  copying file ./Payload/Big Shaq.app/www/audio/mandobigmafs.mp3 ... 
2017-11-14 03:35:33 +0000  38297 bytes for ./Payload/Big Shaq.app/www/audio/mandobigmafs.mp3
2017-11-14 03:35:33 +0000  copying file ./Payload/Big Shaq.app/www/audio/mansnothotboxing.mp3 ... 
2017-11-14 03:35:33 +0000  47521 bytes for ./Payload/Big Shaq.app/www/audio/mansnothotboxing.mp3
2017-11-14 03:35:33 +0000  copying file ./Payload/Big Shaq.app/www/audio/eldickhead.mp3 ... 
2017-11-14 03:35:33 +0000  23957 bytes for ./Payload/Big Shaq.app/www/audio/eldickhead.mp3
2017-11-14 03:35:33 +0000  copying file ./Payload/Big Shaq.app/www/audio/put-put-put-boom.mp3 ... 
2017-11-14 03:35:33 +0000  35479 bytes for ./Payload/Big Shaq.app/www/audio/put-put-put-boom.mp3
2017-11-14 03:35:33 +0000  copying file ./Payload/Big Shaq.app/www/audio/skrrrrrra.mp3 ... 
2017-11-14 03:35:33 +0000  23123 bytes for ./Payload/Big Shaq.app/www/audio/skrrrrrra.mp3
2017-11-14 03:35:33 +0000  copying file ./Payload/Big Shaq.app/www/audio/yougetme.mp3 ... 
2017-11-14 03:35:33 +0000  18119 bytes for ./Payload/Big Shaq.app/www/audio/yougetme.mp3
copying file ./Payload/Big Shaq.app/www/audio/quickmafs.mp3 ... 
2017-11-14 03:35:33 +0000  22706 bytes for ./Payload/Big Shaq.app/www/audio/quickmafs.mp3
2017-11-14 03:35:33 +0000  copying file ./Payload/Big Shaq.app/www/audio/youreprotecteded.mp3 ... 
2017-11-14 03:35:33 +0000  36730 bytes for ./Payload/Big Shaq.app/www/audio/youreprotecteded.mp3
2017-11-14 03:35:33 +0000  copying file ./Payload/Big Shaq.app/www/audio/eforexcellent.mp3 ... 
2017-11-14 03:35:33 +0000  33548 bytes for ./Payload/Big Shaq.app/www/audio/eforexcellent.mp3
2017-11-14 03:35:33 +0000  copying file ./Payload/Big Shaq.app/www/audio/thatgirlisauckers.mp3 ... 
2017-11-14 03:35:33 +0000  28961 bytes for ./Payload/Big Shaq.app/www/audio/thatgirlisauckers.mp3
2017-11-14 03:35:33 +0000  copying file ./Payload/Big Shaq.app/www/audio/mansgotsauce.mp3 ... 
2017-11-14 03:35:33 +0000  26717 bytes for ./Payload/Big Shaq.app/www/audio/mansgotsauce.mp3
2017-11-14 03:35:33 +0000  copying file ./Payload/Big Shaq.app/www/audio/englishlanguage.mp3 ... 
2017-11-14 03:35:33 +0000  32977 bytes for ./Payload/Big Shaq.app/www/audio/englishlanguage.mp3
2017-11-14 03:35:33 +0000  copying file ./Payload/Big Shaq.app/www/audio/persperationting.mp3 ... 
2017-11-14 03:35:33 +0000  33811 bytes for ./Payload/Big Shaq.app/www/audio/persperationting.mp3
2017-11-14 03:35:33 +0000  copying file ./Payload/Big Shaq.app/www/audio/itcomesvertic.mp3 ... 
2017-11-14 03:35:33 +0000  27154 bytes for ./Payload/Big Shaq.app/www/audio/itcomesvertic.mp3
2017-11-14 03:35:33 +0000  copying file ./Payload/Big Shaq.app/www/audio/thetinggoesfull.mp3 ... 
2017-11-14 03:35:33 +0000  213543 bytes for ./Payload/Big Shaq.app/www/audio/thetinggoesfull.mp3
2017-11-14 03:35:33 +0000  copying file ./Payload/Big Shaq.app/www/audio/causetheconspic.mp3 ... 
2017-11-14 03:35:33 +0000  32977 bytes for ./Payload/Big Shaq.app/www/audio/causetheconspic.mp3
2017-11-14 03:35:33 +0000  copying file ./Payload/Big Shaq.app/www/audio/hoptscotchting.mp3 ... 
2017-11-14 03:35:33 +0000  34191 bytes for ./Payload/Big Shaq.app/www/audio/hoptscotchting.mp3
2017-11-14 03:35:33 +0000  copying file ./Payload/Big Shaq.app/www/audio/yadunknow.mp3 ... 
2017-11-14 03:35:33 +0000  22706 bytes for ./Payload/Big Shaq.app/www/audio/yadunknow.mp3
2017-11-14 03:35:33 +0000  copying file ./Payload/Big Shaq.app/www/audio/youdontforcethesauce.mp3 ... 
2017-11-14 03:35:33 +0000  28802 bytes for ./Payload/Big Shaq.app/www/audio/youdontforcethesauce.mp3
copying file ./Payload/Big Shaq.app/www/audio/noketchup.mp3 ... 
2017-11-14 03:35:33 +0000  22706 bytes for ./Payload/Big Shaq.app/www/audio/noketchup.mp3
2017-11-14 03:35:33 +0000  copying file ./Payload/Big Shaq.app/www/audio/englishidnotreallymystrongestsubject.mp3 ... 
2017-11-14 03:35:33 +0000  38298 bytes for ./Payload/Big Shaq.app/www/audio/englishidnotreallymystrongestsubject.mp3
2017-11-14 03:35:33 +0000  copying file ./Payload/Big Shaq.app/www/audio/ilikemyfantawithnohaice.mp3 ... 
2017-11-14 03:35:33 +0000  35474 bytes for ./Payload/Big Shaq.app/www/audio/ilikemyfantawithnohaice.mp3
2017-11-14 03:35:33 +0000  copying file ./Payload/Big Shaq.app/www/audio/youknowlikethat.mp3 ... 
2017-11-14 03:35:33 +0000  20884 bytes for ./Payload/Big Shaq.app/www/audio/youknowlikethat.mp3
2017-11-14 03:35:33 +0000  copying file ./Payload/Big Shaq.app/www/audio/yourequitescintilating.mp3 ... 
2017-11-14 03:35:33 +0000  34545 bytes for ./Payload/Big Shaq.app/www/audio/yourequitescintilating.mp3
2017-11-14 03:35:33 +0000  copying file ./Payload/Big Shaq.app/www/audio/intillectualisilyintelligent.mp3 ... 
2017-11-14 03:35:33 +0000  55456 bytes for ./Payload/Big Shaq.app/www/audio/intillectualisilyintelligent.mp3
2017-11-14 03:35:33 +0000  copying file ./Payload/Big Shaq.app/www/audio/youmanwereducking.mp3 ... 
2017-11-14 03:35:33 +0000  25625 bytes for ./Payload/Big Shaq.app/www/audio/youmanwereducking.mp3
2017-11-14 03:35:33 +0000  copying file ./Payload/Big Shaq.app/www/audio/tu-tu-tu-qum-poom-boom.mp3 ... 
2017-11-14 03:35:33 +0000  38815 bytes for ./Payload/Big Shaq.app/www/audio/tu-tu-tu-qum-poom-boom.mp3
2017-11-14 03:35:33 +0000  copying file ./Payload/Big Shaq.app/www/audio/sufficishent.mp3 ... 
2017-11-14 03:35:33 +0000  45129 bytes for ./Payload/Big Shaq.app/www/audio/sufficishent.mp3
2017-11-14 03:35:33 +0000  copying file ./Payload/Big Shaq.app/www/audio/putmenexttothesun.mp3 ... 
2017-11-14 03:35:33 +0000  37122 bytes for ./Payload/Big Shaq.app/www/audio/putmenexttothesun.mp3
2017-11-14 03:35:33 +0000  copying file ./Payload/Big Shaq.app/www/audio/thetinggoes.mp3 ... 
2017-11-14 03:35:33 +0000  21872 bytes for ./Payload/Big Shaq.app/www/audio/thetinggoes.mp3
2017-11-14 03:35:33 +0000  copying file ./Payload/Big Shaq.app/www/audio/hisdadsadinnerlady.mp3 ... 
2017-11-14 03:35:33 +0000  31463 bytes for ./Payload/Big Shaq.app/www/audio/hisdadsadinnerlady.mp3
2017-11-14 03:35:33 +0000  copying file ./Payload/Big Shaq.app/www/audio/mansgotbars.mp3 ... 
2017-11-14 03:35:33 +0000  30892 bytes for ./Payload/Big Shaq.app/www/audio/mansgotbars.mp3
2017-11-14 03:35:33 +0000  copying file ./Payload/Big Shaq.app/www/audio/butterflywasp.mp3 ... 
2017-11-14 03:35:33 +0000  44602 bytes for ./Payload/Big Shaq.app/www/audio/butterflywasp.mp3
2017-11-14 03:35:33 +0000  copying file ./Payload/Big Shaq.app/www/audio/asznee.mp3 ... 
2017-11-14 03:35:33 +0000  22513 bytes for ./Payload/Big Shaq.app/www/audio/asznee.mp3
2017-11-14 03:35:33 +0000  copying file ./Payload/Big Shaq.app/www/audio/checkthestatistics.mp3 ... 
2017-11-14 03:35:33 +0000  26807 bytes for ./Payload/Big Shaq.app/www/audio/checkthestatistics.mp3
2017-11-14 03:35:33 +0000  copying file ./Payload/Big Shaq.app/www/audio/holdtightasznee.mp3 ... 
2017-11-14 03:35:33 +0000  30629 bytes for ./Payload/Big Shaq.app/www/audio/holdtightasznee.mp3
2017-11-14 03:35:33 +0000  copying file ./Payload/Big Shaq.app/www/audio/mybrothers.mp3 ... 
2017-11-14 03:35:33 +0000  131772 bytes for ./Payload/Big Shaq.app/www/audio/mybrothers.mp3
2017-11-14 03:35:33 +0000  copying file ./Payload/Big Shaq.app/www/audio/youregivingmeamigrane.mp3 ... 
2017-11-14 03:35:33 +0000  31224 bytes for ./Payload/Big Shaq.app/www/audio/youregivingmeamigrane.mp3
2017-11-14 03:35:33 +0000  copying file ./Payload/Big Shaq.app/www/audio/linkup.mp3 ... 
2017-11-14 03:35:33 +0000  19165 bytes for ./Payload/Big Shaq.app/www/audio/linkup.mp3
2017-11-14 03:35:33 +0000  copying file ./Payload/Big Shaq.app/www/audio/whosdat.mp3 ... 
2017-11-14 03:35:33 +0000  16030 bytes for ./Payload/Big Shaq.app/www/audio/whosdat.mp3
2017-11-14 03:35:33 +0000  copying file ./Payload/Big Shaq.app/www/audio/poompoom.mp3 ... 
2017-11-14 03:35:33 +0000  25471 bytes for ./Payload/Big Shaq.app/www/audio/poompoom.mp3
2017-11-14 03:35:33 +0000  copying file ./Payload/Big Shaq.app/www/audio/amplificication.mp3 ... 
2017-11-14 03:35:33 +0000  37976 bytes for ./Payload/Big Shaq.app/www/audio/amplificication.mp3
2017-11-14 03:35:33 +0000  copying file ./Payload/Big Shaq.app/www/audio/skyaaa.mp3 ... 
2017-11-14 03:35:33 +0000  21501 bytes for ./Payload/Big Shaq.app/www/audio/skyaaa.mp3
2017-11-14 03:35:33 +0000  copying file ./Payload/Big Shaq.app/www/audio/thesunshotterthanme.mp3 ... 
2017-11-14 03:35:33 +0000  32182 bytes for ./Payload/Big Shaq.app/www/audio/thesunshotterthanme.mp3
2017-11-14 03:35:33 +0000  copying file ./Payload/Big Shaq.app/www/audio/thesundidnotshine.mp3 ... 
2017-11-14 03:35:33 +0000  35067 bytes for ./Payload/Big Shaq.app/www/audio/thesundidnotshine.mp3
2017-11-14 03:35:33 +0000  copying file ./Payload/Big Shaq.app/www/audio/islandrecords.mp3 ... 
2017-11-14 03:35:33 +0000  32071 bytes for ./Payload/Big Shaq.app/www/audio/islandrecords.mp3
2017-11-14 03:35:33 +0000  copying file ./Payload/Big Shaq.app/www/audio/boom.mp3 ... 
2017-11-14 03:35:33 +0000  19370 bytes for ./Payload/Big Shaq.app/www/audio/boom.mp3
2017-11-14 03:35:33 +0000  copying file ./Payload/Big Shaq.app/www/audio/pythagoroustheorem.mp3 ... 
2017-11-14 03:35:33 +0000  28802 bytes for ./Payload/Big Shaq.app/www/audio/pythagoroustheorem.mp3
2017-11-14 03:35:33 +0000  copying file ./Payload/Big Shaq.app/www/audio/mansnotdumb.mp3 ... 
2017-11-14 03:35:33 +0000  28707 bytes for ./Payload/Big Shaq.app/www/audio/mansnotdumb.mp3
2017-11-14 03:35:33 +0000  copying file ./Payload/Big Shaq.app/www/audio/givemeyournumber.mp3 ... 
2017-11-14 03:35:33 +0000  29126 bytes for ./Payload/Big Shaq.app/www/audio/givemeyournumber.mp3
2017-11-14 03:35:33 +0000  copying file ./Payload/Big Shaq.app/www/audio/1234.mp3 ... 
2017-11-14 03:35:33 +0000  30892 bytes for ./Payload/Big Shaq.app/www/audio/1234.mp3
2017-11-14 03:35:33 +0000  copying file ./Payload/Big Shaq.app/www/cordova-js-src/exec.js ... 
2017-11-14 03:35:33 +0000  8877 bytes for ./Payload/Big Shaq.app/www/cordova-js-src/exec.js
2017-11-14 03:35:33 +0000  copying file ./Payload/Big Shaq.app/www/cordova-js-src/plugin/ios/logger.js ... 
2017-11-14 03:35:33 +0000  10233 bytes for ./Payload/Big Shaq.app/www/cordova-js-src/plugin/ios/logger.js
2017-11-14 03:35:33 +0000  copying file ./Payload/Big Shaq.app/www/cordova-js-src/plugin/ios/console.js ... 
2017-11-14 03:35:33 +0000  6822 bytes for ./Payload/Big Shaq.app/www/cordova-js-src/plugin/ios/console.js
copying file ./Payload/Big Shaq.app/www/cordova-js-src/platform.js ... 
2017-11-14 03:35:33 +0000  1168 bytes for ./Payload/Big Shaq.app/www/cordova-js-src/platform.js
copying file ./Payload/Big Shaq.app/www/lib/angular-admob/angular-admob.js ... 
2017-11-14 03:35:33 +0000  9302 bytes for ./Payload/Big Shaq.app/www/lib/angular-admob/angular-admob.js
2017-11-14 03:35:33 +0000  copying file ./Payload/Big Shaq.app/www/cordova_plugins.js ... 
2017-11-14 03:35:33 +0000  9569 bytes for ./Payload/Big Shaq.app/www/cordova_plugins.js
2017-11-14 03:35:33 +0000  copying file ./Payload/Big Shaq.app/archived-expanded-entitlements.xcent ... 
2017-11-14 03:35:33 +0000  181 bytes for ./Payload/Big Shaq.app/archived-expanded-entitlements.xcent
copying file ./Payload/Big Shaq.app/AppIcon-140x40@2x~ipad.png ... 
2017-11-14 03:35:33 +0000  10570 bytes for ./Payload/Big Shaq.app/AppIcon-140x40@2x~ipad.png
2017-11-14 03:35:33 +0000  copying file ./Payload/Big Shaq.app/AppIcon-176x76@2x~ipad.png ... 
2017-11-14 03:35:33 +0000  33977 bytes for ./Payload/Big Shaq.app/AppIcon-176x76@2x~ipad.png
2017-11-14 03:35:33 +0000  copying file ./Payload/Big Shaq.app/LaunchImage-700-Portrait~ipad.png ... 
2017-11-14 03:35:33 +0000  123257 bytes for ./Payload/Big Shaq.app/LaunchImage-700-Portrait~ipad.png
2017-11-14 03:35:33 +0000  copying file ./Payload/Big Shaq.app/Assets.car ... 
2017-11-14 03:35:33 +0000  1082072 bytes for ./Payload/Big Shaq.app/Assets.car
2017-11-14 03:35:33 +0000  copying file ./Payload/Big Shaq.app/LaunchImage-800-Portrait-736h@3x.png ... 
2017-11-14 03:35:33 +0000  426980 bytes for ./Payload/Big Shaq.app/LaunchImage-800-Portrait-736h@3x.png
2017-11-14 03:35:33 +0000  copying file ./Payload/Big Shaq.app/AppIcon-183.5x83.5@2x~ipad.png ... 
2017-11-14 03:35:33 +0000  40864 bytes for ./Payload/Big Shaq.app/AppIcon-183.5x83.5@2x~ipad.png
2017-11-14 03:35:33 +0000  copying file ./Payload/Big Shaq.app/CDVLaunchScreen.storyboardc/01J-lp-oVM-view-Ze5-6b-2t3.nib ... 
2017-11-14 03:35:33 +0000  2284 bytes for ./Payload/Big Shaq.app/CDVLaunchScreen.storyboardc/01J-lp-oVM-view-Ze5-6b-2t3.nib
copying file ./Payload/Big Shaq.app/CDVLaunchScreen.storyboardc/UIViewController-01J-lp-oVM.nib ... 
2017-11-14 03:35:33 +0000  832 bytes for ./Payload/Big Shaq.app/CDVLaunchScreen.storyboardc/UIViewController-01J-lp-oVM.nib
copying file ./Payload/Big Shaq.app/CDVLaunchScreen.storyboardc/Info.plist ... 
2017-11-14 03:35:33 +0000  258 bytes for ./Payload/Big Shaq.app/CDVLaunchScreen.storyboardc/Info.plist
copying file ./Payload/Big Shaq.app/LaunchImage-700@2x.png ... 
2017-11-14 03:35:33 +0000  126231 bytes for ./Payload/Big Shaq.app/LaunchImage-700@2x.png
2017-11-14 03:35:33 +0000  copying file ./Payload/Big Shaq.app/LaunchImage-700-568h@2x.png ... 
2017-11-14 03:35:33 +0000  127331 bytes for ./Payload/Big Shaq.app/LaunchImage-700-568h@2x.png
2017-11-14 03:35:33 +0000  copying file ./Payload/Big Shaq.app/CDVNotification.bundle/beep.wav ... 
8114 bytes for ./Payload/Big Shaq.app/CDVNotification.bundle/beep.wav
copying file ./Payload/Big Shaq.app/AppIcon-120x20~ipad.png ... 
1443 bytes for ./Payload/Big Shaq.app/AppIcon-120x20~ipad.png
copying file ./Payload/Big Shaq.app/AppIcon-140x40~ipad.png ... 
2017-11-14 03:35:33 +0000  2932 bytes for ./Payload/Big Shaq.app/AppIcon-140x40~ipad.png
copying file ./Payload/Big Shaq.app/AppIcon-129x29@2x~ipad.png ... 
2017-11-14 03:35:33 +0000  5805 bytes for ./Payload/Big Shaq.app/AppIcon-129x29@2x~ipad.png
2017-11-14 03:35:33 +0000  copying file ./Payload/Big Shaq.app/embedded.mobileprovision ... 
2017-11-14 03:35:33 +0000  7429 bytes for ./Payload/Big Shaq.app/embedded.mobileprovision
2017-11-14 03:35:33 +0000  copying file ./Payload/Big Shaq.app/LaunchImage-700-Portrait@2x~ipad.png ... 
2017-11-14 03:35:33 +0000  334632 bytes for ./Payload/Big Shaq.app/LaunchImage-700-Portrait@2x~ipad.png
2017-11-14 03:35:33 +0000  copying file ./Payload/Big Shaq.app/Info.plist ... 
1953 bytes for ./Payload/Big Shaq.app/Info.plist
2017-11-14 03:35:33 +0000  copying file ./Payload/Big Shaq.app/AppIcon-176x76~ipad.png ... 
2017-11-14 03:35:33 +0000  9576 bytes for ./Payload/Big Shaq.app/AppIcon-176x76~ipad.png
2017-11-14 03:35:33 +0000  copying file ./Payload/Big Shaq.app/PkgInfo ... 
8 bytes for ./Payload/Big Shaq.app/PkgInfo
copying file ./Payload/Big Shaq.app/AppIcon-120x20@2x~ipad.png ... 
2017-11-14 03:35:33 +0000  2932 bytes for ./Payload/Big Shaq.app/AppIcon-120x20@2x~ipad.png
2017-11-14 03:35:33 +0000  copying file ./Symbols/0C254A60-61B7-3028-A86F-165FFAE2509E.symbols ... 
2017-11-14 03:35:33 +0000  946976 bytes for ./Symbols/0C254A60-61B7-3028-A86F-165FFAE2509E.symbols
copying file ./Symbols/5A8D7510-AE6B-3C8D-AA55-2D41E29065BA.symbols ... 
2017-11-14 03:35:33 +0000  837224 bytes for ./Symbols/5A8D7510-AE6B-3C8D-AA55-2D41E29065BA.symbols
2017-11-14 03:35:33 +0000  
2017-11-14 03:35:33 +0000  2017-11-14 03:35:33 +0000  /usr/bin/ditto exited with 0

2017-11-14 03:35:33 +0000  2017-11-14 03:35:33 +0000  

2017-11-14 03:35:33 +0000  Processing step: IDEDistributionCreateManifestStep
2017-11-14 03:35:33 +0000  Skipping step: IDEDistributionCreateManifestStep because it said so
